{"/Users/mac/Downloads/CodeChallenge/src/navigator/index.js": {"path":"/Users/mac/Downloads/CodeChallenge/src/navigator/index.js","statementMap":{"0":{"start":{"line":1,"column":42},"end":{"line":1,"column":97}},"1":{"start":{"line":1,"column":98},"end":{"line":1,"column":160}},"2":{"start":{"line":1,"column":160},"end":{"line":1,"column":185}},"3":{"start":{"line":1,"column":198},"end":{"line":1,"column":238}},"4":{"start":{"line":2,"column":0},"end":{"line":2,"column":24}},"5":{"start":{"line":3,"column":14},"end":{"line":3,"column":49}},"6":{"start":{"line":4,"column":13},"end":{"line":4,"column":47}},"7":{"start":{"line":5,"column":14},"end":{"line":5,"column":33}},"8":{"start":{"line":6,"column":15},"end":{"line":6,"column":36}},"9":{"start":{"line":6,"column":49},"end":{"line":6,"column":53}},"10":{"start":{"line":6,"column":69},"end":{"line":6,"column":128}},"11":{"start":{"line":7,"column":12},"end":{"line":7,"column":46}},"12":{"start":{"line":9,"column":16},"end":{"line":27,"column":1}},"13":{"start":{"line":10,"column":2},"end":{"line":22,"column":149}},"14":{"start":{"line":29,"column":0},"end":{"line":29,"column":9}},"15":{"start":{"line":29,"column":10},"end":{"line":29,"column":37}}},"fnMap":{"0":{"name":"Navigator","decl":{"start":{"line":9,"column":25},"end":{"line":9,"column":34}},"loc":{"start":{"line":9,"column":37},"end":{"line":27,"column":1}},"line":9}},"branchMap":{},"s":{"0":0,"1":0,"2":0,"3":0,"4":0,"5":0,"6":0,"7":0,"8":0,"9":0,"10":0,"11":0,"12":0,"13":0,"14":0,"15":0},"f":{"0":0},"b":{},"inputSourceMap":null}
,"/Users/mac/Downloads/CodeChallenge/src/navigator/routes.js": {"path":"/Users/mac/Downloads/CodeChallenge/src/navigator/routes.js","statementMap":{"0":{"start":{"line":1,"column":13},"end":{"line":1,"column":75}},"1":{"start":{"line":1,"column":75},"end":{"line":1,"column":127}},"2":{"start":{"line":1,"column":147},"end":{"line":1,"column":162}},"3":{"start":{"line":1,"column":163},"end":{"line":1,"column":201}},"4":{"start":{"line":2,"column":17},"end":{"line":2,"column":29}},"5":{"start":{"line":2,"column":30},"end":{"line":2,"column":62}}},"fnMap":{},"branchMap":{},"s":{"0":3,"1":3,"2":3,"3":3,"4":3,"5":3},"f":{},"b":{},"inputSourceMap":null,"_coverageSchema":"1a1c01bbd47fc00a2c39e90264f33305004495a9","hash":"f72000feea52fb4f86ffbb011ee4b852ab19a1d6"}
,"/Users/mac/Downloads/CodeChallenge/src/screens/index.js": {"path":"/Users/mac/Downloads/CodeChallenge/src/screens/index.js","statementMap":{"0":{"start":{"line":1,"column":42},"end":{"line":1,"column":97}},"1":{"start":{"line":1,"column":98},"end":{"line":1,"column":160}},"2":{"start":{"line":1,"column":160},"end":{"line":1,"column":270}},"3":{"start":{"line":1,"column":242},"end":{"line":1,"column":265}},"4":{"start":{"line":1,"column":270},"end":{"line":1,"column":386}},"5":{"start":{"line":1,"column":355},"end":{"line":1,"column":381}},"6":{"start":{"line":1,"column":400},"end":{"line":1,"column":443}},"7":{"start":{"line":2,"column":17},"end":{"line":2,"column":63}}},"fnMap":{"0":{"name":"get","decl":{"start":{"line":1,"column":235},"end":{"line":1,"column":238}},"loc":{"start":{"line":1,"column":241},"end":{"line":1,"column":266}},"line":1},"1":{"name":"get","decl":{"start":{"line":1,"column":348},"end":{"line":1,"column":351}},"loc":{"start":{"line":1,"column":354},"end":{"line":1,"column":382}},"line":1}},"branchMap":{},"s":{"0":0,"1":0,"2":0,"3":0,"4":0,"5":0,"6":0,"7":0},"f":{"0":0,"1":0},"b":{},"inputSourceMap":null}
,"/Users/mac/Downloads/CodeChallenge/src/screens/MapScreen/index.js": {"path":"/Users/mac/Downloads/CodeChallenge/src/screens/MapScreen/index.js","statementMap":{"0":{"start":{"line":1,"column":42},"end":{"line":1,"column":97}},"1":{"start":{"line":1,"column":98},"end":{"line":1,"column":160}},"2":{"start":{"line":1,"column":160},"end":{"line":1,"column":185}},"3":{"start":{"line":1,"column":198},"end":{"line":1,"column":238}},"4":{"start":{"line":2,"column":19},"end":{"line":2,"column":42}},"5":{"start":{"line":3,"column":18},"end":{"line":3,"column":40}},"6":{"start":{"line":4,"column":23},"end":{"line":4,"column":82}},"7":{"start":{"line":5,"column":11},"end":{"line":5,"column":58}},"8":{"start":{"line":5,"column":71},"end":{"line":5,"column":75}},"9":{"start":{"line":5,"column":91},"end":{"line":5,"column":158}},"10":{"start":{"line":7,"column":16},"end":{"line":15,"column":1}},"11":{"start":{"line":8,"column":21},"end":{"line":8,"column":126}},"12":{"start":{"line":8,"column":86},"end":{"line":8,"column":103}},"13":{"start":{"line":8,"column":104},"end":{"line":8,"column":124}},"14":{"start":{"line":9,"column":2},"end":{"line":12,"column":190}},"15":{"start":{"line":17,"column":0},"end":{"line":17,"column":9}},"16":{"start":{"line":17,"column":10},"end":{"line":17,"column":37}},"17":{"start":{"line":19,"column":13},"end":{"line":21,"column":16}}},"fnMap":{"0":{"name":"MapScreen","decl":{"start":{"line":7,"column":25},"end":{"line":7,"column":34}},"loc":{"start":{"line":7,"column":37},"end":{"line":15,"column":1}},"line":7},"1":{"name":"(anonymous_1)","decl":{"start":{"line":8,"column":50},"end":{"line":8,"column":51}},"loc":{"start":{"line":8,"column":66},"end":{"line":8,"column":125}},"line":8}},"branchMap":{},"s":{"0":1,"1":1,"2":1,"3":1,"4":1,"5":1,"6":1,"7":1,"8":1,"9":1,"10":1,"11":2,"12":2,"13":2,"14":1,"15":1,"16":1,"17":1},"f":{"0":2,"1":2},"b":{},"inputSourceMap":null,"_coverageSchema":"1a1c01bbd47fc00a2c39e90264f33305004495a9","hash":"588867fc0f234fd0485aeb36d5ba8f2a4d949122"}
,"/Users/mac/Downloads/CodeChallenge/src/screens/MapScreen/widget/LocationDetails.js": {"path":"/Users/mac/Downloads/CodeChallenge/src/screens/MapScreen/widget/LocationDetails.js","statementMap":{"0":{"start":{"line":1,"column":42},"end":{"line":1,"column":97}},"1":{"start":{"line":1,"column":98},"end":{"line":1,"column":160}},"2":{"start":{"line":1,"column":160},"end":{"line":1,"column":185}},"3":{"start":{"line":1,"column":204},"end":{"line":1,"column":227}},"4":{"start":{"line":2,"column":13},"end":{"line":2,"column":53}},"5":{"start":{"line":2,"column":66},"end":{"line":2,"column":70}},"6":{"start":{"line":2,"column":86},"end":{"line":2,"column":170}},"7":{"start":{"line":4,"column":22},"end":{"line":17,"column":1}},"8":{"start":{"line":4,"column":69},"end":{"line":4,"column":82}},"9":{"start":{"line":5,"column":13},"end":{"line":5,"column":26}},"10":{"start":{"line":5,"column":38},"end":{"line":5,"column":55}},"11":{"start":{"line":5,"column":68},"end":{"line":5,"column":86}},"12":{"start":{"line":6,"column":2},"end":{"line":12,"column":190}},"13":{"start":{"line":19,"column":0},"end":{"line":19,"column":15}},"14":{"start":{"line":19,"column":16},"end":{"line":19,"column":43}},"15":{"start":{"line":21,"column":14},"end":{"line":29,"column":1}},"16":{"start":{"line":22,"column":14},"end":{"line":22,"column":25}},"17":{"start":{"line":22,"column":33},"end":{"line":22,"column":43}},"18":{"start":{"line":23,"column":2},"end":{"line":26,"column":165}},"19":{"start":{"line":31,"column":13},"end":{"line":39,"column":21}}},"fnMap":{"0":{"name":"LocationDetails","decl":{"start":{"line":4,"column":31},"end":{"line":4,"column":46}},"loc":{"start":{"line":4,"column":53},"end":{"line":17,"column":1}},"line":4},"1":{"name":"Details","decl":{"start":{"line":21,"column":23},"end":{"line":21,"column":30}},"loc":{"start":{"line":21,"column":38},"end":{"line":29,"column":1}},"line":21}},"branchMap":{},"s":{"0":1,"1":1,"2":1,"3":1,"4":1,"5":1,"6":1,"7":1,"8":1,"9":1,"10":1,"11":1,"12":1,"13":1,"14":1,"15":1,"16":3,"17":3,"18":3,"19":1},"f":{"0":1,"1":3},"b":{},"inputSourceMap":null,"_coverageSchema":"1a1c01bbd47fc00a2c39e90264f33305004495a9","hash":"4da41d0c324642cc3fb32c44ea1c0e66f14a67b9"}
,"/Users/mac/Downloads/CodeChallenge/src/screens/MapScreen/widget/Map.js": {"path":"/Users/mac/Downloads/CodeChallenge/src/screens/MapScreen/widget/Map.js","statementMap":{"0":{"start":{"line":1,"column":13},"end":{"line":1,"column":75}},"1":{"start":{"line":1,"column":75},"end":{"line":1,"column":100}},"2":{"start":{"line":1,"column":123},"end":{"line":1,"column":176}},"3":{"start":{"line":2,"column":13},"end":{"line":2,"column":54}},"4":{"start":{"line":2,"column":67},"end":{"line":2,"column":71}},"5":{"start":{"line":2,"column":87},"end":{"line":2,"column":159}},"6":{"start":{"line":2,"column":208},"end":{"line":2,"column":255}},"7":{"start":{"line":2,"column":243},"end":{"line":2,"column":255}},"8":{"start":{"line":2,"column":279},"end":{"line":2,"column":292}},"9":{"start":{"line":2,"column":316},"end":{"line":2,"column":329}},"10":{"start":{"line":2,"column":330},"end":{"line":2,"column":487}},"11":{"start":{"line":2,"column":413},"end":{"line":2,"column":471}},"12":{"start":{"line":2,"column":540},"end":{"line":2,"column":596}},"13":{"start":{"line":2,"column":584},"end":{"line":2,"column":595}},"14":{"start":{"line":2,"column":596},"end":{"line":2,"column":696}},"15":{"start":{"line":2,"column":671},"end":{"line":2,"column":695}},"16":{"start":{"line":2,"column":708},"end":{"line":2,"column":745}},"17":{"start":{"line":2,"column":746},"end":{"line":2,"column":799}},"18":{"start":{"line":2,"column":776},"end":{"line":2,"column":798}},"19":{"start":{"line":2,"column":812},"end":{"line":2,"column":814}},"20":{"start":{"line":2,"column":843},"end":{"line":2,"column":899}},"21":{"start":{"line":2,"column":900},"end":{"line":2,"column":1192}},"22":{"start":{"line":2,"column":922},"end":{"line":2,"column":1191}},"23":{"start":{"line":2,"column":1007},"end":{"line":2,"column":1079}},"24":{"start":{"line":2,"column":1080},"end":{"line":2,"column":1190}},"25":{"start":{"line":2,"column":1117},"end":{"line":2,"column":1158}},"26":{"start":{"line":2,"column":1166},"end":{"line":2,"column":1189}},"27":{"start":{"line":2,"column":1192},"end":{"line":2,"column":1213}},"28":{"start":{"line":2,"column":1213},"end":{"line":2,"column":1249}},"29":{"start":{"line":2,"column":1225},"end":{"line":2,"column":1248}},"30":{"start":{"line":2,"column":1249},"end":{"line":2,"column":1263}},"31":{"start":{"line":4,"column":10},"end":{"line":22,"column":1}},"32":{"start":{"line":4,"column":45},"end":{"line":4,"column":58}},"33":{"start":{"line":5,"column":17},"end":{"line":5,"column":34}},"34":{"start":{"line":5,"column":47},"end":{"line":5,"column":65}},"35":{"start":{"line":5,"column":73},"end":{"line":5,"column":86}},"36":{"start":{"line":6,"column":23},"end":{"line":13,"column":16}},"37":{"start":{"line":7,"column":4},"end":{"line":11,"column":31}},"38":{"start":{"line":14,"column":2},"end":{"line":18,"column":124}},"39":{"start":{"line":24,"column":0},"end":{"line":24,"column":3}},"40":{"start":{"line":24,"column":4},"end":{"line":24,"column":31}}},"fnMap":{"0":{"name":"_getRequireWildcardCache","decl":{"start":{"line":2,"column":169},"end":{"line":2,"column":193}},"loc":{"start":{"line":2,"column":207},"end":{"line":2,"column":488}},"line":2},"1":{"name":"_getRequireWildcardCache","decl":{"start":{"line":2,"column":374},"end":{"line":2,"column":398}},"loc":{"start":{"line":2,"column":412},"end":{"line":2,"column":472}},"line":2},"2":{"name":"_interopRequireWildcard","decl":{"start":{"line":2,"column":497},"end":{"line":2,"column":520}},"loc":{"start":{"line":2,"column":539},"end":{"line":2,"column":1264}},"line":2},"3":{"name":"Map","decl":{"start":{"line":4,"column":19},"end":{"line":4,"column":22}},"loc":{"start":{"line":4,"column":29},"end":{"line":22,"column":1}},"line":4},"4":{"name":"(anonymous_4)","decl":{"start":{"line":6,"column":43},"end":{"line":6,"column":44}},"loc":{"start":{"line":6,"column":55},"end":{"line":13,"column":3}},"line":6}},"branchMap":{"0":{"loc":{"start":{"line":2,"column":208},"end":{"line":2,"column":255}},"type":"if","locations":[{"start":{"line":2,"column":208},"end":{"line":2,"column":255}},{"start":{"line":2,"column":208},"end":{"line":2,"column":255}}],"line":2},"1":{"loc":{"start":{"line":2,"column":420},"end":{"line":2,"column":470}},"type":"cond-expr","locations":[{"start":{"line":2,"column":434},"end":{"line":2,"column":450}},{"start":{"line":2,"column":453},"end":{"line":2,"column":470}}],"line":2},"2":{"loc":{"start":{"line":2,"column":540},"end":{"line":2,"column":596}},"type":"if","locations":[{"start":{"line":2,"column":540},"end":{"line":2,"column":596}},{"start":{"line":2,"column":540},"end":{"line":2,"column":596}}],"line":2},"3":{"loc":{"start":{"line":2,"column":544},"end":{"line":2,"column":581}},"type":"binary-expr","locations":[{"start":{"line":2,"column":544},"end":{"line":2,"column":556}},{"start":{"line":2,"column":560},"end":{"line":2,"column":563}},{"start":{"line":2,"column":567},"end":{"line":2,"column":581}}],"line":2},"4":{"loc":{"start":{"line":2,"column":596},"end":{"line":2,"column":696}},"type":"if","locations":[{"start":{"line":2,"column":596},"end":{"line":2,"column":696}},{"start":{"line":2,"column":596},"end":{"line":2,"column":696}}],"line":2},"5":{"loc":{"start":{"line":2,"column":600},"end":{"line":2,"column":668}},"type":"binary-expr","locations":[{"start":{"line":2,"column":600},"end":{"line":2,"column":612}},{"start":{"line":2,"column":616},"end":{"line":2,"column":639}},{"start":{"line":2,"column":643},"end":{"line":2,"column":668}}],"line":2},"6":{"loc":{"start":{"line":2,"column":746},"end":{"line":2,"column":799}},"type":"if","locations":[{"start":{"line":2,"column":746},"end":{"line":2,"column":799}},{"start":{"line":2,"column":746},"end":{"line":2,"column":799}}],"line":2},"7":{"loc":{"start":{"line":2,"column":750},"end":{"line":2,"column":773}},"type":"binary-expr","locations":[{"start":{"line":2,"column":750},"end":{"line":2,"column":755}},{"start":{"line":2,"column":759},"end":{"line":2,"column":773}}],"line":2},"8":{"loc":{"start":{"line":2,"column":843},"end":{"line":2,"column":899}},"type":"binary-expr","locations":[{"start":{"line":2,"column":843},"end":{"line":2,"column":864}},{"start":{"line":2,"column":868},"end":{"line":2,"column":899}}],"line":2},"9":{"loc":{"start":{"line":2,"column":922},"end":{"line":2,"column":1191}},"type":"if","locations":[{"start":{"line":2,"column":922},"end":{"line":2,"column":1191}},{"start":{"line":2,"column":922},"end":{"line":2,"column":1191}}],"line":2},"10":{"loc":{"start":{"line":2,"column":926},"end":{"line":2,"column":993}},"type":"binary-expr","locations":[{"start":{"line":2,"column":926},"end":{"line":2,"column":943}},{"start":{"line":2,"column":947},"end":{"line":2,"column":993}}],"line":2},"11":{"loc":{"start":{"line":2,"column":1007},"end":{"line":2,"column":1079}},"type":"cond-expr","locations":[{"start":{"line":2,"column":1031},"end":{"line":2,"column":1072}},{"start":{"line":2,"column":1075},"end":{"line":2,"column":1079}}],"line":2},"12":{"loc":{"start":{"line":2,"column":1080},"end":{"line":2,"column":1190}},"type":"if","locations":[{"start":{"line":2,"column":1080},"end":{"line":2,"column":1190}},{"start":{"line":2,"column":1080},"end":{"line":2,"column":1190}}],"line":2},"13":{"loc":{"start":{"line":2,"column":1084},"end":{"line":2,"column":1114}},"type":"binary-expr","locations":[{"start":{"line":2,"column":1084},"end":{"line":2,"column":1088}},{"start":{"line":2,"column":1093},"end":{"line":2,"column":1101}},{"start":{"line":2,"column":1105},"end":{"line":2,"column":1113}}],"line":2},"14":{"loc":{"start":{"line":2,"column":1213},"end":{"line":2,"column":1249}},"type":"if","locations":[{"start":{"line":2,"column":1213},"end":{"line":2,"column":1249}},{"start":{"line":2,"column":1213},"end":{"line":2,"column":1249}}],"line":2}},"s":{"0":1,"1":1,"2":1,"3":1,"4":1,"5":1,"6":1,"7":0,"8":1,"9":1,"10":1,"11":1,"12":2,"13":1,"14":1,"15":0,"16":1,"17":1,"18":0,"19":1,"20":1,"21":1,"22":28,"23":28,"24":28,"25":0,"26":28,"27":1,"28":1,"29":1,"30":1,"31":1,"32":2,"33":1,"34":1,"35":1,"36":1,"37":1,"38":1,"39":1,"40":1},"f":{"0":1,"1":1,"2":2,"3":2,"4":1},"b":{"0":[0,1],"1":[0,1],"2":[1,1],"3":[2,2,2],"4":[0,1],"5":[1,1,0],"6":[0,1],"7":[1,1],"8":[1,1],"9":[28,0],"10":[28,28],"11":[28,0],"12":[0,28],"13":[28,28,28],"14":[1,0]},"inputSourceMap":null,"_coverageSchema":"1a1c01bbd47fc00a2c39e90264f33305004495a9","hash":"4f5ea5b18c1b328216172ddae5704b6d6dd5542b"}
,"/Users/mac/Downloads/CodeChallenge/src/screens/Search/index.js": {"path":"/Users/mac/Downloads/CodeChallenge/src/screens/Search/index.js","statementMap":{"0":{"start":{"line":1,"column":42},"end":{"line":1,"column":97}},"1":{"start":{"line":1,"column":98},"end":{"line":1,"column":160}},"2":{"start":{"line":1,"column":160},"end":{"line":1,"column":185}},"3":{"start":{"line":1,"column":204},"end":{"line":1,"column":265}},"4":{"start":{"line":1,"column":288},"end":{"line":1,"column":359}},"5":{"start":{"line":1,"column":373},"end":{"line":1,"column":414}},"6":{"start":{"line":2,"column":19},"end":{"line":2,"column":42}},"7":{"start":{"line":9,"column":18},"end":{"line":9,"column":40}},"8":{"start":{"line":10,"column":15},"end":{"line":10,"column":45}},"9":{"start":{"line":11,"column":13},"end":{"line":11,"column":62}},"10":{"start":{"line":12,"column":12},"end":{"line":12,"column":60}},"11":{"start":{"line":13,"column":14},"end":{"line":13,"column":47}},"12":{"start":{"line":13,"column":60},"end":{"line":13,"column":64}},"13":{"start":{"line":13,"column":80},"end":{"line":13,"column":144}},"14":{"start":{"line":13,"column":193},"end":{"line":13,"column":240}},"15":{"start":{"line":13,"column":228},"end":{"line":13,"column":240}},"16":{"start":{"line":13,"column":264},"end":{"line":13,"column":277}},"17":{"start":{"line":13,"column":301},"end":{"line":13,"column":314}},"18":{"start":{"line":13,"column":315},"end":{"line":13,"column":472}},"19":{"start":{"line":13,"column":398},"end":{"line":13,"column":456}},"20":{"start":{"line":13,"column":525},"end":{"line":13,"column":581}},"21":{"start":{"line":13,"column":569},"end":{"line":13,"column":580}},"22":{"start":{"line":13,"column":581},"end":{"line":13,"column":681}},"23":{"start":{"line":13,"column":656},"end":{"line":13,"column":680}},"24":{"start":{"line":13,"column":693},"end":{"line":13,"column":730}},"25":{"start":{"line":13,"column":731},"end":{"line":13,"column":784}},"26":{"start":{"line":13,"column":761},"end":{"line":13,"column":783}},"27":{"start":{"line":13,"column":797},"end":{"line":13,"column":799}},"28":{"start":{"line":13,"column":828},"end":{"line":13,"column":884}},"29":{"start":{"line":13,"column":885},"end":{"line":13,"column":1177}},"30":{"start":{"line":13,"column":907},"end":{"line":13,"column":1176}},"31":{"start":{"line":13,"column":992},"end":{"line":13,"column":1064}},"32":{"start":{"line":13,"column":1065},"end":{"line":13,"column":1175}},"33":{"start":{"line":13,"column":1102},"end":{"line":13,"column":1143}},"34":{"start":{"line":13,"column":1151},"end":{"line":13,"column":1174}},"35":{"start":{"line":13,"column":1177},"end":{"line":13,"column":1198}},"36":{"start":{"line":13,"column":1198},"end":{"line":13,"column":1234}},"37":{"start":{"line":13,"column":1210},"end":{"line":13,"column":1233}},"38":{"start":{"line":13,"column":1234},"end":{"line":13,"column":1248}},"39":{"start":{"line":15,"column":13},"end":{"line":56,"column":1}},"40":{"start":{"line":15,"column":53},"end":{"line":15,"column":68}},"41":{"start":{"line":16,"column":18},"end":{"line":16,"column":42}},"42":{"start":{"line":16,"column":56},"end":{"line":16,"column":98}},"43":{"start":{"line":16,"column":107},"end":{"line":16,"column":120}},"44":{"start":{"line":16,"column":132},"end":{"line":16,"column":145}},"45":{"start":{"line":17,"column":19},"end":{"line":17,"column":46}},"46":{"start":{"line":17,"column":60},"end":{"line":17,"column":103}},"47":{"start":{"line":17,"column":116},"end":{"line":17,"column":129}},"48":{"start":{"line":17,"column":145},"end":{"line":17,"column":158}},"49":{"start":{"line":18,"column":17},"end":{"line":18,"column":47}},"50":{"start":{"line":19,"column":19},"end":{"line":19,"column":120}},"51":{"start":{"line":19,"column":83},"end":{"line":19,"column":99}},"52":{"start":{"line":19,"column":100},"end":{"line":19,"column":118}},"53":{"start":{"line":21,"column":22},"end":{"line":24,"column":3}},"54":{"start":{"line":22,"column":4},"end":{"line":22,"column":41}},"55":{"start":{"line":23,"column":4},"end":{"line":23,"column":19}},"56":{"start":{"line":26,"column":21},"end":{"line":35,"column":146}},"57":{"start":{"line":26,"column":56},"end":{"line":35,"column":145}},"58":{"start":{"line":26,"column":124},"end":{"line":35,"column":103}},"59":{"start":{"line":26,"column":135},"end":{"line":35,"column":102}},"60":{"start":{"line":27,"column":12},"end":{"line":27,"column":44}},"61":{"start":{"line":28,"column":12},"end":{"line":28,"column":31}},"62":{"start":{"line":28,"column":31},"end":{"line":28,"column":49}},"63":{"start":{"line":28,"column":49},"end":{"line":28,"column":67}},"64":{"start":{"line":28,"column":67},"end":{"line":30,"column":50}},"65":{"start":{"line":30,"column":57},"end":{"line":30,"column":77}},"66":{"start":{"line":31,"column":12},"end":{"line":31,"column":59}},"67":{"start":{"line":31,"column":59},"end":{"line":31,"column":78}},"68":{"start":{"line":31,"column":78},"end":{"line":31,"column":84}},"69":{"start":{"line":31,"column":91},"end":{"line":31,"column":109}},"70":{"start":{"line":31,"column":109},"end":{"line":31,"column":144}},"71":{"start":{"line":33,"column":12},"end":{"line":33,"column":48}},"72":{"start":{"line":33,"column":56},"end":{"line":33,"column":75}},"73":{"start":{"line":35,"column":12},"end":{"line":35,"column":32}},"74":{"start":{"line":35,"column":32},"end":{"line":35,"column":59}},"75":{"start":{"line":35,"column":78},"end":{"line":35,"column":101}},"76":{"start":{"line":39,"column":2},"end":{"line":50,"column":205}},"77":{"start":{"line":41,"column":103},"end":{"line":41,"column":142}},"78":{"start":{"line":43,"column":97},"end":{"line":43,"column":121}},"79":{"start":{"line":58,"column":0},"end":{"line":58,"column":6}},"80":{"start":{"line":58,"column":7},"end":{"line":58,"column":34}}},"fnMap":{"0":{"name":"_getRequireWildcardCache","decl":{"start":{"line":13,"column":154},"end":{"line":13,"column":178}},"loc":{"start":{"line":13,"column":192},"end":{"line":13,"column":473}},"line":13},"1":{"name":"_getRequireWildcardCache","decl":{"start":{"line":13,"column":359},"end":{"line":13,"column":383}},"loc":{"start":{"line":13,"column":397},"end":{"line":13,"column":457}},"line":13},"2":{"name":"_interopRequireWildcard","decl":{"start":{"line":13,"column":482},"end":{"line":13,"column":505}},"loc":{"start":{"line":13,"column":524},"end":{"line":13,"column":1249}},"line":13},"3":{"name":"Search","decl":{"start":{"line":15,"column":22},"end":{"line":15,"column":28}},"loc":{"start":{"line":15,"column":35},"end":{"line":56,"column":1}},"line":15},"4":{"name":"(anonymous_4)","decl":{"start":{"line":19,"column":48},"end":{"line":19,"column":49}},"loc":{"start":{"line":19,"column":65},"end":{"line":19,"column":119}},"line":19},"5":{"name":"onChangeQuery","decl":{"start":{"line":21,"column":31},"end":{"line":21,"column":44}},"loc":{"start":{"line":21,"column":51},"end":{"line":24,"column":3}},"line":21},"6":{"name":"onPressTitle","decl":{"start":{"line":26,"column":30},"end":{"line":26,"column":42}},"loc":{"start":{"line":26,"column":47},"end":{"line":35,"column":146}},"line":26},"7":{"name":"onPressTitle$","decl":{"start":{"line":26,"column":99},"end":{"line":26,"column":112}},"loc":{"start":{"line":26,"column":123},"end":{"line":35,"column":104}},"line":26},"8":{"name":"onPress","decl":{"start":{"line":41,"column":92},"end":{"line":41,"column":99}},"loc":{"start":{"line":41,"column":102},"end":{"line":41,"column":143}},"line":41},"9":{"name":"onChange","decl":{"start":{"line":43,"column":84},"end":{"line":43,"column":92}},"loc":{"start":{"line":43,"column":96},"end":{"line":43,"column":122}},"line":43}},"branchMap":{"0":{"loc":{"start":{"line":13,"column":193},"end":{"line":13,"column":240}},"type":"if","locations":[{"start":{"line":13,"column":193},"end":{"line":13,"column":240}},{"start":{"line":13,"column":193},"end":{"line":13,"column":240}}],"line":13},"1":{"loc":{"start":{"line":13,"column":405},"end":{"line":13,"column":455}},"type":"cond-expr","locations":[{"start":{"line":13,"column":419},"end":{"line":13,"column":435}},{"start":{"line":13,"column":438},"end":{"line":13,"column":455}}],"line":13},"2":{"loc":{"start":{"line":13,"column":525},"end":{"line":13,"column":581}},"type":"if","locations":[{"start":{"line":13,"column":525},"end":{"line":13,"column":581}},{"start":{"line":13,"column":525},"end":{"line":13,"column":581}}],"line":13},"3":{"loc":{"start":{"line":13,"column":529},"end":{"line":13,"column":566}},"type":"binary-expr","locations":[{"start":{"line":13,"column":529},"end":{"line":13,"column":541}},{"start":{"line":13,"column":545},"end":{"line":13,"column":548}},{"start":{"line":13,"column":552},"end":{"line":13,"column":566}}],"line":13},"4":{"loc":{"start":{"line":13,"column":581},"end":{"line":13,"column":681}},"type":"if","locations":[{"start":{"line":13,"column":581},"end":{"line":13,"column":681}},{"start":{"line":13,"column":581},"end":{"line":13,"column":681}}],"line":13},"5":{"loc":{"start":{"line":13,"column":585},"end":{"line":13,"column":653}},"type":"binary-expr","locations":[{"start":{"line":13,"column":585},"end":{"line":13,"column":597}},{"start":{"line":13,"column":601},"end":{"line":13,"column":624}},{"start":{"line":13,"column":628},"end":{"line":13,"column":653}}],"line":13},"6":{"loc":{"start":{"line":13,"column":731},"end":{"line":13,"column":784}},"type":"if","locations":[{"start":{"line":13,"column":731},"end":{"line":13,"column":784}},{"start":{"line":13,"column":731},"end":{"line":13,"column":784}}],"line":13},"7":{"loc":{"start":{"line":13,"column":735},"end":{"line":13,"column":758}},"type":"binary-expr","locations":[{"start":{"line":13,"column":735},"end":{"line":13,"column":740}},{"start":{"line":13,"column":744},"end":{"line":13,"column":758}}],"line":13},"8":{"loc":{"start":{"line":13,"column":828},"end":{"line":13,"column":884}},"type":"binary-expr","locations":[{"start":{"line":13,"column":828},"end":{"line":13,"column":849}},{"start":{"line":13,"column":853},"end":{"line":13,"column":884}}],"line":13},"9":{"loc":{"start":{"line":13,"column":907},"end":{"line":13,"column":1176}},"type":"if","locations":[{"start":{"line":13,"column":907},"end":{"line":13,"column":1176}},{"start":{"line":13,"column":907},"end":{"line":13,"column":1176}}],"line":13},"10":{"loc":{"start":{"line":13,"column":911},"end":{"line":13,"column":978}},"type":"binary-expr","locations":[{"start":{"line":13,"column":911},"end":{"line":13,"column":928}},{"start":{"line":13,"column":932},"end":{"line":13,"column":978}}],"line":13},"11":{"loc":{"start":{"line":13,"column":992},"end":{"line":13,"column":1064}},"type":"cond-expr","locations":[{"start":{"line":13,"column":1016},"end":{"line":13,"column":1057}},{"start":{"line":13,"column":1060},"end":{"line":13,"column":1064}}],"line":13},"12":{"loc":{"start":{"line":13,"column":1065},"end":{"line":13,"column":1175}},"type":"if","locations":[{"start":{"line":13,"column":1065},"end":{"line":13,"column":1175}},{"start":{"line":13,"column":1065},"end":{"line":13,"column":1175}}],"line":13},"13":{"loc":{"start":{"line":13,"column":1069},"end":{"line":13,"column":1099}},"type":"binary-expr","locations":[{"start":{"line":13,"column":1069},"end":{"line":13,"column":1073}},{"start":{"line":13,"column":1078},"end":{"line":13,"column":1086}},{"start":{"line":13,"column":1090},"end":{"line":13,"column":1098}}],"line":13},"14":{"loc":{"start":{"line":13,"column":1198},"end":{"line":13,"column":1234}},"type":"if","locations":[{"start":{"line":13,"column":1198},"end":{"line":13,"column":1234}},{"start":{"line":13,"column":1198},"end":{"line":13,"column":1234}}],"line":13},"15":{"loc":{"start":{"line":26,"column":135},"end":{"line":35,"column":102}},"type":"switch","locations":[{"start":{"line":26,"column":175},"end":{"line":30,"column":50}},{"start":{"line":30,"column":50},"end":{"line":31,"column":84}},{"start":{"line":31,"column":84},"end":{"line":33,"column":48}},{"start":{"line":33,"column":48},"end":{"line":35,"column":59}},{"start":{"line":35,"column":59},"end":{"line":35,"column":67}},{"start":{"line":35,"column":67},"end":{"line":35,"column":101}}],"line":26},"16":{"loc":{"start":{"line":31,"column":12},"end":{"line":31,"column":58}},"type":"binary-expr","locations":[{"start":{"line":31,"column":12},"end":{"line":31,"column":15}},{"start":{"line":31,"column":19},"end":{"line":31,"column":58}}],"line":31},"17":{"loc":{"start":{"line":44,"column":4},"end":{"line":46,"column":204}},"type":"binary-expr","locations":[{"start":{"line":44,"column":4},"end":{"line":44,"column":13}},{"start":{"line":45,"column":4},"end":{"line":46,"column":204}}],"line":44}},"s":{"0":1,"1":1,"2":1,"3":1,"4":1,"5":1,"6":1,"7":1,"8":1,"9":1,"10":1,"11":1,"12":1,"13":1,"14":1,"15":0,"16":1,"17":1,"18":1,"19":1,"20":1,"21":0,"22":1,"23":0,"24":1,"25":1,"26":0,"27":1,"28":1,"29":1,"30":28,"31":28,"32":28,"33":0,"34":28,"35":1,"36":1,"37":1,"38":1,"39":1,"40":4,"41":4,"42":4,"43":4,"44":4,"45":4,"46":4,"47":4,"48":4,"49":4,"50":4,"51":8,"52":8,"53":4,"54":1,"55":1,"56":4,"57":0,"58":0,"59":0,"60":0,"61":0,"62":0,"63":0,"64":0,"65":0,"66":0,"67":0,"68":0,"69":0,"70":0,"71":0,"72":0,"73":0,"74":0,"75":0,"76":4,"77":0,"78":1,"79":1,"80":1},"f":{"0":1,"1":1,"2":1,"3":4,"4":8,"5":1,"6":0,"7":0,"8":0,"9":1},"b":{"0":[0,1],"1":[0,1],"2":[0,1],"3":[1,1,1],"4":[0,1],"5":[1,1,0],"6":[0,1],"7":[1,1],"8":[1,1],"9":[28,0],"10":[28,28],"11":[28,0],"12":[0,28],"13":[28,28,28],"14":[1,0],"15":[0,0,0,0,0,0],"16":[0,0],"17":[4,0]},"inputSourceMap":null,"_coverageSchema":"1a1c01bbd47fc00a2c39e90264f33305004495a9","hash":"f5047f577f6b04db3e4ae54c8742e96591057924"}
,"/Users/mac/Downloads/CodeChallenge/src/screens/Search/widget/Input.js": {"path":"/Users/mac/Downloads/CodeChallenge/src/screens/Search/widget/Input.js","statementMap":{"0":{"start":{"line":1,"column":42},"end":{"line":1,"column":97}},"1":{"start":{"line":1,"column":98},"end":{"line":1,"column":160}},"2":{"start":{"line":1,"column":160},"end":{"line":1,"column":185}},"3":{"start":{"line":1,"column":198},"end":{"line":1,"column":238}},"4":{"start":{"line":2,"column":19},"end":{"line":2,"column":42}},"5":{"start":{"line":3,"column":30},"end":{"line":3,"column":66}},"6":{"start":{"line":3,"column":79},"end":{"line":3,"column":83}},"7":{"start":{"line":3,"column":99},"end":{"line":3,"column":170}},"8":{"start":{"line":5,"column":12},"end":{"line":18,"column":1}},"9":{"start":{"line":5,"column":49},"end":{"line":5,"column":62}},"10":{"start":{"line":5,"column":71},"end":{"line":5,"column":81}},"11":{"start":{"line":6,"column":2},"end":{"line":13,"column":134}},"12":{"start":{"line":20,"column":0},"end":{"line":20,"column":5}},"13":{"start":{"line":20,"column":6},"end":{"line":20,"column":33}},"14":{"start":{"line":22,"column":13},"end":{"line":30,"column":53}}},"fnMap":{"0":{"name":"Input","decl":{"start":{"line":5,"column":21},"end":{"line":5,"column":26}},"loc":{"start":{"line":5,"column":33},"end":{"line":18,"column":1}},"line":5}},"branchMap":{},"s":{"0":1,"1":1,"2":1,"3":1,"4":1,"5":1,"6":1,"7":1,"8":1,"9":4,"10":4,"11":4,"12":1,"13":1,"14":1},"f":{"0":4},"b":{},"inputSourceMap":null,"_coverageSchema":"1a1c01bbd47fc00a2c39e90264f33305004495a9","hash":"58cd797203b144c90c2da14c635fb43e60cff433"}
,"/Users/mac/Downloads/CodeChallenge/src/screens/Search/widget/List.js": {"path":"/Users/mac/Downloads/CodeChallenge/src/screens/Search/widget/List.js","statementMap":{"0":{"start":{"line":1,"column":42},"end":{"line":1,"column":97}},"1":{"start":{"line":1,"column":98},"end":{"line":1,"column":160}},"2":{"start":{"line":1,"column":160},"end":{"line":1,"column":185}},"3":{"start":{"line":1,"column":198},"end":{"line":1,"column":238}},"4":{"start":{"line":2,"column":19},"end":{"line":2,"column":42}},"5":{"start":{"line":2,"column":55},"end":{"line":2,"column":59}},"6":{"start":{"line":2,"column":75},"end":{"line":2,"column":145}},"7":{"start":{"line":10,"column":11},"end":{"line":28,"column":1}},"8":{"start":{"line":10,"column":43},"end":{"line":10,"column":52}},"9":{"start":{"line":10,"column":68},"end":{"line":10,"column":85}},"10":{"start":{"line":11,"column":2},"end":{"line":21,"column":202}},"11":{"start":{"line":16,"column":61},"end":{"line":21,"column":196}},"12":{"start":{"line":20,"column":39},"end":{"line":20,"column":92}},"13":{"start":{"line":30,"column":0},"end":{"line":30,"column":4}},"14":{"start":{"line":30,"column":5},"end":{"line":30,"column":32}},"15":{"start":{"line":32,"column":13},"end":{"line":37,"column":27}}},"fnMap":{"0":{"name":"List","decl":{"start":{"line":10,"column":20},"end":{"line":10,"column":24}},"loc":{"start":{"line":10,"column":31},"end":{"line":28,"column":1}},"line":10},"1":{"name":"(anonymous_1)","decl":{"start":{"line":16,"column":37},"end":{"line":16,"column":38}},"loc":{"start":{"line":16,"column":60},"end":{"line":21,"column":197}},"line":16},"2":{"name":"onPress","decl":{"start":{"line":20,"column":28},"end":{"line":20,"column":35}},"loc":{"start":{"line":20,"column":38},"end":{"line":20,"column":93}},"line":20}},"branchMap":{"0":{"loc":{"start":{"line":16,"column":4},"end":{"line":21,"column":198}},"type":"cond-expr","locations":[{"start":{"line":16,"column":19},"end":{"line":16,"column":25}},{"start":{"line":16,"column":28},"end":{"line":21,"column":198}}],"line":16},"1":{"loc":{"start":{"line":20,"column":59},"end":{"line":20,"column":90}},"type":"cond-expr","locations":[{"start":{"line":20,"column":74},"end":{"line":20,"column":80}},{"start":{"line":20,"column":83},"end":{"line":20,"column":90}}],"line":20}},"s":{"0":2,"1":2,"2":2,"3":2,"4":2,"5":2,"6":2,"7":2,"8":6,"9":6,"10":6,"11":2,"12":1,"13":2,"14":2,"15":2},"f":{"0":6,"1":2,"2":1},"b":{"0":[0,6],"1":[0,1]},"inputSourceMap":null,"_coverageSchema":"1a1c01bbd47fc00a2c39e90264f33305004495a9","hash":"5a9711e7f48b32370c791b7d518868aa02151dc4"}
,"/Users/mac/Downloads/CodeChallenge/src/store/index.js": {"path":"/Users/mac/Downloads/CodeChallenge/src/store/index.js","statementMap":{"0":{"start":{"line":1,"column":42},"end":{"line":1,"column":97}},"1":{"start":{"line":1,"column":98},"end":{"line":1,"column":160}},"2":{"start":{"line":1,"column":160},"end":{"line":1,"column":201}},"3":{"start":{"line":1,"column":224},"end":{"line":1,"column":296}},"4":{"start":{"line":1,"column":310},"end":{"line":1,"column":326}},"5":{"start":{"line":2,"column":18},"end":{"line":2,"column":64}},"6":{"start":{"line":3,"column":30},"end":{"line":3,"column":65}},"7":{"start":{"line":4,"column":16},"end":{"line":4,"column":61}},"8":{"start":{"line":5,"column":11},"end":{"line":5,"column":58}},"9":{"start":{"line":5,"column":112},"end":{"line":5,"column":131}},"10":{"start":{"line":5,"column":132},"end":{"line":5,"column":379}},"11":{"start":{"line":5,"column":181},"end":{"line":5,"column":217}},"12":{"start":{"line":5,"column":218},"end":{"line":5,"column":347}},"13":{"start":{"line":5,"column":239},"end":{"line":5,"column":346}},"14":{"start":{"line":5,"column":280},"end":{"line":5,"column":343}},"15":{"start":{"line":5,"column":347},"end":{"line":5,"column":378}},"16":{"start":{"line":5,"column":379},"end":{"line":5,"column":391}},"17":{"start":{"line":5,"column":424},"end":{"line":5,"column":909}},"18":{"start":{"line":5,"column":437},"end":{"line":5,"column":438}},"19":{"start":{"line":5,"column":481},"end":{"line":5,"column":521}},"20":{"start":{"line":5,"column":522},"end":{"line":5,"column":908}},"21":{"start":{"line":5,"column":534},"end":{"line":5,"column":647}},"22":{"start":{"line":5,"column":588},"end":{"line":5,"column":644}},"23":{"start":{"line":5,"column":654},"end":{"line":5,"column":908}},"24":{"start":{"line":5,"column":693},"end":{"line":5,"column":767}},"25":{"start":{"line":5,"column":775},"end":{"line":5,"column":907}},"26":{"start":{"line":5,"column":823},"end":{"line":5,"column":904}},"27":{"start":{"line":5,"column":909},"end":{"line":5,"column":923}},"28":{"start":{"line":7,"column":20},"end":{"line":10,"column":18}},"29":{"start":{"line":13,"column":19},"end":{"line":17,"column":25}},"30":{"start":{"line":21,"column":12},"end":{"line":23,"column":123}},"31":{"start":{"line":23,"column":124},"end":{"line":23,"column":146}},"32":{"start":{"line":26,"column":0},"end":{"line":26,"column":16}},"33":{"start":{"line":26,"column":17},"end":{"line":26,"column":44}}},"fnMap":{"0":{"name":"ownKeys","decl":{"start":{"line":5,"column":68},"end":{"line":5,"column":75}},"loc":{"start":{"line":5,"column":100},"end":{"line":5,"column":392}},"line":5},"1":{"name":"(anonymous_1)","decl":{"start":{"line":5,"column":264},"end":{"line":5,"column":265}},"loc":{"start":{"line":5,"column":279},"end":{"line":5,"column":344}},"line":5},"2":{"name":"_objectSpread","decl":{"start":{"line":5,"column":401},"end":{"line":5,"column":414}},"loc":{"start":{"line":5,"column":423},"end":{"line":5,"column":924}},"line":5},"3":{"name":"(anonymous_3)","decl":{"start":{"line":5,"column":572},"end":{"line":5,"column":573}},"loc":{"start":{"line":5,"column":587},"end":{"line":5,"column":645}},"line":5},"4":{"name":"(anonymous_4)","decl":{"start":{"line":5,"column":807},"end":{"line":5,"column":808}},"loc":{"start":{"line":5,"column":822},"end":{"line":5,"column":905}},"line":5}},"branchMap":{"0":{"loc":{"start":{"line":5,"column":132},"end":{"line":5,"column":379}},"type":"if","locations":[{"start":{"line":5,"column":132},"end":{"line":5,"column":379}},{"start":{"line":5,"column":132},"end":{"line":5,"column":379}}],"line":5},"1":{"loc":{"start":{"line":5,"column":218},"end":{"line":5,"column":347}},"type":"if","locations":[{"start":{"line":5,"column":218},"end":{"line":5,"column":347}},{"start":{"line":5,"column":218},"end":{"line":5,"column":347}}],"line":5},"2":{"loc":{"start":{"line":5,"column":481},"end":{"line":5,"column":521}},"type":"cond-expr","locations":[{"start":{"line":5,"column":504},"end":{"line":5,"column":516}},{"start":{"line":5,"column":519},"end":{"line":5,"column":521}}],"line":5},"3":{"loc":{"start":{"line":5,"column":522},"end":{"line":5,"column":908}},"type":"if","locations":[{"start":{"line":5,"column":522},"end":{"line":5,"column":908}},{"start":{"line":5,"column":522},"end":{"line":5,"column":908}}],"line":5},"4":{"loc":{"start":{"line":5,"column":654},"end":{"line":5,"column":908}},"type":"if","locations":[{"start":{"line":5,"column":654},"end":{"line":5,"column":908}},{"start":{"line":5,"column":654},"end":{"line":5,"column":908}}],"line":5}},"s":{"0":0,"1":0,"2":0,"3":0,"4":0,"5":0,"6":0,"7":0,"8":0,"9":0,"10":0,"11":0,"12":0,"13":0,"14":0,"15":0,"16":0,"17":0,"18":0,"19":0,"20":0,"21":0,"22":0,"23":0,"24":0,"25":0,"26":0,"27":0,"28":0,"29":0,"30":0,"31":0,"32":0,"33":0},"f":{"0":0,"1":0,"2":0,"3":0,"4":0},"b":{"0":[0,0],"1":[0,0],"2":[0,0],"3":[0,0],"4":[0,0]},"inputSourceMap":null}
,"/Users/mac/Downloads/CodeChallenge/src/store/actions/index.js": {"path":"/Users/mac/Downloads/CodeChallenge/src/store/actions/index.js","statementMap":{"0":{"start":{"line":1,"column":42},"end":{"line":1,"column":97}},"1":{"start":{"line":1,"column":98},"end":{"line":1,"column":160}},"2":{"start":{"line":1,"column":160},"end":{"line":1,"column":203}},"3":{"start":{"line":1,"column":222},"end":{"line":1,"column":283}},"4":{"start":{"line":1,"column":296},"end":{"line":1,"column":340}},"5":{"start":{"line":1,"column":389},"end":{"line":1,"column":436}},"6":{"start":{"line":1,"column":424},"end":{"line":1,"column":436}},"7":{"start":{"line":1,"column":460},"end":{"line":1,"column":473}},"8":{"start":{"line":1,"column":497},"end":{"line":1,"column":510}},"9":{"start":{"line":1,"column":511},"end":{"line":1,"column":668}},"10":{"start":{"line":1,"column":594},"end":{"line":1,"column":652}},"11":{"start":{"line":1,"column":721},"end":{"line":1,"column":777}},"12":{"start":{"line":1,"column":765},"end":{"line":1,"column":776}},"13":{"start":{"line":1,"column":777},"end":{"line":1,"column":877}},"14":{"start":{"line":1,"column":852},"end":{"line":1,"column":876}},"15":{"start":{"line":1,"column":889},"end":{"line":1,"column":926}},"16":{"start":{"line":1,"column":927},"end":{"line":1,"column":980}},"17":{"start":{"line":1,"column":957},"end":{"line":1,"column":979}},"18":{"start":{"line":1,"column":993},"end":{"line":1,"column":995}},"19":{"start":{"line":1,"column":1024},"end":{"line":1,"column":1080}},"20":{"start":{"line":1,"column":1081},"end":{"line":1,"column":1373}},"21":{"start":{"line":1,"column":1103},"end":{"line":1,"column":1372}},"22":{"start":{"line":1,"column":1188},"end":{"line":1,"column":1260}},"23":{"start":{"line":1,"column":1261},"end":{"line":1,"column":1371}},"24":{"start":{"line":1,"column":1298},"end":{"line":1,"column":1339}},"25":{"start":{"line":1,"column":1347},"end":{"line":1,"column":1370}},"26":{"start":{"line":1,"column":1373},"end":{"line":1,"column":1394}},"27":{"start":{"line":1,"column":1394},"end":{"line":1,"column":1430}},"28":{"start":{"line":1,"column":1406},"end":{"line":1,"column":1429}},"29":{"start":{"line":1,"column":1430},"end":{"line":1,"column":1444}},"30":{"start":{"line":4,"column":0},"end":{"line":12,"column":120}},"31":{"start":{"line":4,"column":24},"end":{"line":12,"column":119}},"32":{"start":{"line":5,"column":68},"end":{"line":12,"column":116}},"33":{"start":{"line":5,"column":132},"end":{"line":12,"column":86}},"34":{"start":{"line":5,"column":143},"end":{"line":12,"column":85}},"35":{"start":{"line":5,"column":192},"end":{"line":5,"column":207}},"36":{"start":{"line":6,"column":14},"end":{"line":8,"column":105}},"37":{"start":{"line":6,"column":81},"end":{"line":8,"column":103}},"38":{"start":{"line":6,"column":147},"end":{"line":8,"column":73}},"39":{"start":{"line":6,"column":158},"end":{"line":8,"column":72}},"40":{"start":{"line":6,"column":205},"end":{"line":6,"column":223}},"41":{"start":{"line":6,"column":223},"end":{"line":7,"column":46}},"42":{"start":{"line":7,"column":53},"end":{"line":7,"column":90}},"43":{"start":{"line":7,"column":90},"end":{"line":7,"column":123}},"44":{"start":{"line":7,"column":123},"end":{"line":8,"column":30}},"45":{"start":{"line":8,"column":48},"end":{"line":8,"column":71}},"46":{"start":{"line":8,"column":105},"end":{"line":12,"column":42}},"47":{"start":{"line":12,"column":60},"end":{"line":12,"column":84}},"48":{"start":{"line":12,"column":121},"end":{"line":12,"column":145}},"49":{"start":{"line":17,"column":0},"end":{"line":25,"column":120}},"50":{"start":{"line":17,"column":26},"end":{"line":25,"column":119}},"51":{"start":{"line":18,"column":70},"end":{"line":25,"column":116}},"52":{"start":{"line":18,"column":135},"end":{"line":25,"column":86}},"53":{"start":{"line":18,"column":146},"end":{"line":25,"column":85}},"54":{"start":{"line":18,"column":195},"end":{"line":18,"column":211}},"55":{"start":{"line":19,"column":14},"end":{"line":21,"column":106}},"56":{"start":{"line":19,"column":82},"end":{"line":21,"column":104}},"57":{"start":{"line":19,"column":149},"end":{"line":21,"column":74}},"58":{"start":{"line":19,"column":160},"end":{"line":21,"column":73}},"59":{"start":{"line":19,"column":209},"end":{"line":19,"column":228}},"60":{"start":{"line":19,"column":228},"end":{"line":20,"column":52}},"61":{"start":{"line":20,"column":59},"end":{"line":20,"column":98}},"62":{"start":{"line":20,"column":98},"end":{"line":20,"column":132}},"63":{"start":{"line":20,"column":132},"end":{"line":21,"column":30}},"64":{"start":{"line":21,"column":48},"end":{"line":21,"column":72}},"65":{"start":{"line":21,"column":106},"end":{"line":25,"column":42}},"66":{"start":{"line":25,"column":60},"end":{"line":25,"column":84}},"67":{"start":{"line":25,"column":121},"end":{"line":25,"column":149}}},"fnMap":{"0":{"name":"_getRequireWildcardCache","decl":{"start":{"line":1,"column":350},"end":{"line":1,"column":374}},"loc":{"start":{"line":1,"column":388},"end":{"line":1,"column":669}},"line":1},"1":{"name":"_getRequireWildcardCache","decl":{"start":{"line":1,"column":555},"end":{"line":1,"column":579}},"loc":{"start":{"line":1,"column":593},"end":{"line":1,"column":653}},"line":1},"2":{"name":"_interopRequireWildcard","decl":{"start":{"line":1,"column":678},"end":{"line":1,"column":701}},"loc":{"start":{"line":1,"column":720},"end":{"line":1,"column":1445}},"line":1},"3":{"name":"search","decl":{"start":{"line":4,"column":9},"end":{"line":4,"column":15}},"loc":{"start":{"line":4,"column":23},"end":{"line":12,"column":120}},"line":4},"4":{"name":"_callee","decl":{"start":{"line":5,"column":13},"end":{"line":5,"column":20}},"loc":{"start":{"line":5,"column":47},"end":{"line":12,"column":117}},"line":5},"5":{"name":"_callee$","decl":{"start":{"line":5,"column":111},"end":{"line":5,"column":119}},"loc":{"start":{"line":5,"column":131},"end":{"line":12,"column":87}},"line":5},"6":{"name":"getPromise","decl":{"start":{"line":6,"column":36},"end":{"line":6,"column":46}},"loc":{"start":{"line":6,"column":49},"end":{"line":8,"column":104}},"line":6},"7":{"name":"getPromise$","decl":{"start":{"line":6,"column":124},"end":{"line":6,"column":135}},"loc":{"start":{"line":6,"column":146},"end":{"line":8,"column":74}},"line":6},"8":{"name":"location","decl":{"start":{"line":17,"column":9},"end":{"line":17,"column":17}},"loc":{"start":{"line":17,"column":25},"end":{"line":25,"column":120}},"line":17},"9":{"name":"_callee2","decl":{"start":{"line":18,"column":13},"end":{"line":18,"column":21}},"loc":{"start":{"line":18,"column":49},"end":{"line":25,"column":117}},"line":18},"10":{"name":"_callee2$","decl":{"start":{"line":18,"column":113},"end":{"line":18,"column":122}},"loc":{"start":{"line":18,"column":134},"end":{"line":25,"column":87}},"line":18},"11":{"name":"getPromise","decl":{"start":{"line":19,"column":36},"end":{"line":19,"column":46}},"loc":{"start":{"line":19,"column":49},"end":{"line":21,"column":105}},"line":19},"12":{"name":"getPromise$","decl":{"start":{"line":19,"column":125},"end":{"line":19,"column":136}},"loc":{"start":{"line":19,"column":148},"end":{"line":21,"column":75}},"line":19}},"branchMap":{"0":{"loc":{"start":{"line":1,"column":389},"end":{"line":1,"column":436}},"type":"if","locations":[{"start":{"line":1,"column":389},"end":{"line":1,"column":436}},{"start":{"line":1,"column":389},"end":{"line":1,"column":436}}],"line":1},"1":{"loc":{"start":{"line":1,"column":601},"end":{"line":1,"column":651}},"type":"cond-expr","locations":[{"start":{"line":1,"column":615},"end":{"line":1,"column":631}},{"start":{"line":1,"column":634},"end":{"line":1,"column":651}}],"line":1},"2":{"loc":{"start":{"line":1,"column":721},"end":{"line":1,"column":777}},"type":"if","locations":[{"start":{"line":1,"column":721},"end":{"line":1,"column":777}},{"start":{"line":1,"column":721},"end":{"line":1,"column":777}}],"line":1},"3":{"loc":{"start":{"line":1,"column":725},"end":{"line":1,"column":762}},"type":"binary-expr","locations":[{"start":{"line":1,"column":725},"end":{"line":1,"column":737}},{"start":{"line":1,"column":741},"end":{"line":1,"column":744}},{"start":{"line":1,"column":748},"end":{"line":1,"column":762}}],"line":1},"4":{"loc":{"start":{"line":1,"column":777},"end":{"line":1,"column":877}},"type":"if","locations":[{"start":{"line":1,"column":777},"end":{"line":1,"column":877}},{"start":{"line":1,"column":777},"end":{"line":1,"column":877}}],"line":1},"5":{"loc":{"start":{"line":1,"column":781},"end":{"line":1,"column":849}},"type":"binary-expr","locations":[{"start":{"line":1,"column":781},"end":{"line":1,"column":793}},{"start":{"line":1,"column":797},"end":{"line":1,"column":820}},{"start":{"line":1,"column":824},"end":{"line":1,"column":849}}],"line":1},"6":{"loc":{"start":{"line":1,"column":927},"end":{"line":1,"column":980}},"type":"if","locations":[{"start":{"line":1,"column":927},"end":{"line":1,"column":980}},{"start":{"line":1,"column":927},"end":{"line":1,"column":980}}],"line":1},"7":{"loc":{"start":{"line":1,"column":931},"end":{"line":1,"column":954}},"type":"binary-expr","locations":[{"start":{"line":1,"column":931},"end":{"line":1,"column":936}},{"start":{"line":1,"column":940},"end":{"line":1,"column":954}}],"line":1},"8":{"loc":{"start":{"line":1,"column":1024},"end":{"line":1,"column":1080}},"type":"binary-expr","locations":[{"start":{"line":1,"column":1024},"end":{"line":1,"column":1045}},{"start":{"line":1,"column":1049},"end":{"line":1,"column":1080}}],"line":1},"9":{"loc":{"start":{"line":1,"column":1103},"end":{"line":1,"column":1372}},"type":"if","locations":[{"start":{"line":1,"column":1103},"end":{"line":1,"column":1372}},{"start":{"line":1,"column":1103},"end":{"line":1,"column":1372}}],"line":1},"10":{"loc":{"start":{"line":1,"column":1107},"end":{"line":1,"column":1174}},"type":"binary-expr","locations":[{"start":{"line":1,"column":1107},"end":{"line":1,"column":1124}},{"start":{"line":1,"column":1128},"end":{"line":1,"column":1174}}],"line":1},"11":{"loc":{"start":{"line":1,"column":1188},"end":{"line":1,"column":1260}},"type":"cond-expr","locations":[{"start":{"line":1,"column":1212},"end":{"line":1,"column":1253}},{"start":{"line":1,"column":1256},"end":{"line":1,"column":1260}}],"line":1},"12":{"loc":{"start":{"line":1,"column":1261},"end":{"line":1,"column":1371}},"type":"if","locations":[{"start":{"line":1,"column":1261},"end":{"line":1,"column":1371}},{"start":{"line":1,"column":1261},"end":{"line":1,"column":1371}}],"line":1},"13":{"loc":{"start":{"line":1,"column":1265},"end":{"line":1,"column":1295}},"type":"binary-expr","locations":[{"start":{"line":1,"column":1265},"end":{"line":1,"column":1269}},{"start":{"line":1,"column":1274},"end":{"line":1,"column":1282}},{"start":{"line":1,"column":1286},"end":{"line":1,"column":1294}}],"line":1},"14":{"loc":{"start":{"line":1,"column":1394},"end":{"line":1,"column":1430}},"type":"if","locations":[{"start":{"line":1,"column":1394},"end":{"line":1,"column":1430}},{"start":{"line":1,"column":1394},"end":{"line":1,"column":1430}}],"line":1},"15":{"loc":{"start":{"line":5,"column":143},"end":{"line":12,"column":85}},"type":"switch","locations":[{"start":{"line":5,"column":185},"end":{"line":12,"column":42}},{"start":{"line":12,"column":42},"end":{"line":12,"column":49}},{"start":{"line":12,"column":49},"end":{"line":12,"column":84}}],"line":5},"16":{"loc":{"start":{"line":6,"column":158},"end":{"line":8,"column":72}},"type":"switch","locations":[{"start":{"line":6,"column":198},"end":{"line":7,"column":46}},{"start":{"line":7,"column":46},"end":{"line":8,"column":30}},{"start":{"line":8,"column":30},"end":{"line":8,"column":37}},{"start":{"line":8,"column":37},"end":{"line":8,"column":71}}],"line":6},"17":{"loc":{"start":{"line":18,"column":146},"end":{"line":25,"column":85}},"type":"switch","locations":[{"start":{"line":18,"column":188},"end":{"line":25,"column":42}},{"start":{"line":25,"column":42},"end":{"line":25,"column":49}},{"start":{"line":25,"column":49},"end":{"line":25,"column":84}}],"line":18},"18":{"loc":{"start":{"line":19,"column":160},"end":{"line":21,"column":73}},"type":"switch","locations":[{"start":{"line":19,"column":202},"end":{"line":20,"column":52}},{"start":{"line":20,"column":52},"end":{"line":21,"column":30}},{"start":{"line":21,"column":30},"end":{"line":21,"column":37}},{"start":{"line":21,"column":37},"end":{"line":21,"column":72}}],"line":19}},"s":{"0":1,"1":1,"2":1,"3":1,"4":1,"5":0,"6":0,"7":0,"8":0,"9":0,"10":0,"11":1,"12":1,"13":0,"14":0,"15":0,"16":0,"17":0,"18":0,"19":0,"20":0,"21":0,"22":0,"23":0,"24":0,"25":0,"26":0,"27":0,"28":0,"29":0,"30":1,"31":1,"32":1,"33":2,"34":2,"35":1,"36":1,"37":1,"38":2,"39":2,"40":1,"41":1,"42":0,"43":0,"44":0,"45":1,"46":1,"47":1,"48":1,"49":1,"50":0,"51":0,"52":0,"53":0,"54":0,"55":0,"56":0,"57":0,"58":0,"59":0,"60":0,"61":0,"62":0,"63":0,"64":0,"65":0,"66":0,"67":1},"f":{"0":0,"1":0,"2":1,"3":1,"4":1,"5":2,"6":1,"7":2,"8":0,"9":0,"10":0,"11":0,"12":0},"b":{"0":[0,0],"1":[0,0],"2":[1,0],"3":[1,1,1],"4":[0,0],"5":[0,0,0],"6":[0,0],"7":[0,0],"8":[0,0],"9":[0,0],"10":[0,0],"11":[0,0],"12":[0,0],"13":[0,0,0],"14":[0,0],"15":[1,0,1],"16":[1,0,0,1],"17":[0,0,0],"18":[0,0,0,0]},"inputSourceMap":null,"_coverageSchema":"1a1c01bbd47fc00a2c39e90264f33305004495a9","hash":"3df5b4fc54489f2a17a2b9df906ee9964cd6228b"}
,"/Users/mac/Downloads/CodeChallenge/src/store/reducers/index.js": {"path":"/Users/mac/Downloads/CodeChallenge/src/store/reducers/index.js","statementMap":{"0":{"start":{"line":1,"column":42},"end":{"line":1,"column":97}},"1":{"start":{"line":1,"column":98},"end":{"line":1,"column":160}},"2":{"start":{"line":1,"column":160},"end":{"line":1,"column":185}},"3":{"start":{"line":1,"column":208},"end":{"line":1,"column":280}},"4":{"start":{"line":1,"column":293},"end":{"line":1,"column":337}},"5":{"start":{"line":1,"column":386},"end":{"line":1,"column":433}},"6":{"start":{"line":1,"column":421},"end":{"line":1,"column":433}},"7":{"start":{"line":1,"column":457},"end":{"line":1,"column":470}},"8":{"start":{"line":1,"column":494},"end":{"line":1,"column":507}},"9":{"start":{"line":1,"column":508},"end":{"line":1,"column":665}},"10":{"start":{"line":1,"column":591},"end":{"line":1,"column":649}},"11":{"start":{"line":1,"column":718},"end":{"line":1,"column":774}},"12":{"start":{"line":1,"column":762},"end":{"line":1,"column":773}},"13":{"start":{"line":1,"column":774},"end":{"line":1,"column":874}},"14":{"start":{"line":1,"column":849},"end":{"line":1,"column":873}},"15":{"start":{"line":1,"column":886},"end":{"line":1,"column":923}},"16":{"start":{"line":1,"column":924},"end":{"line":1,"column":977}},"17":{"start":{"line":1,"column":954},"end":{"line":1,"column":976}},"18":{"start":{"line":1,"column":990},"end":{"line":1,"column":992}},"19":{"start":{"line":1,"column":1021},"end":{"line":1,"column":1077}},"20":{"start":{"line":1,"column":1078},"end":{"line":1,"column":1370}},"21":{"start":{"line":1,"column":1100},"end":{"line":1,"column":1369}},"22":{"start":{"line":1,"column":1185},"end":{"line":1,"column":1257}},"23":{"start":{"line":1,"column":1258},"end":{"line":1,"column":1368}},"24":{"start":{"line":1,"column":1295},"end":{"line":1,"column":1336}},"25":{"start":{"line":1,"column":1344},"end":{"line":1,"column":1367}},"26":{"start":{"line":1,"column":1370},"end":{"line":1,"column":1391}},"27":{"start":{"line":1,"column":1391},"end":{"line":1,"column":1427}},"28":{"start":{"line":1,"column":1403},"end":{"line":1,"column":1426}},"29":{"start":{"line":1,"column":1427},"end":{"line":1,"column":1441}},"30":{"start":{"line":1,"column":1495},"end":{"line":1,"column":1514}},"31":{"start":{"line":1,"column":1515},"end":{"line":1,"column":1762}},"32":{"start":{"line":1,"column":1564},"end":{"line":1,"column":1600}},"33":{"start":{"line":1,"column":1601},"end":{"line":1,"column":1730}},"34":{"start":{"line":1,"column":1622},"end":{"line":1,"column":1729}},"35":{"start":{"line":1,"column":1663},"end":{"line":1,"column":1726}},"36":{"start":{"line":1,"column":1730},"end":{"line":1,"column":1761}},"37":{"start":{"line":1,"column":1762},"end":{"line":1,"column":1774}},"38":{"start":{"line":1,"column":1807},"end":{"line":1,"column":2292}},"39":{"start":{"line":1,"column":1820},"end":{"line":1,"column":1821}},"40":{"start":{"line":1,"column":1864},"end":{"line":1,"column":1904}},"41":{"start":{"line":1,"column":1905},"end":{"line":1,"column":2291}},"42":{"start":{"line":1,"column":1917},"end":{"line":1,"column":2030}},"43":{"start":{"line":1,"column":1971},"end":{"line":1,"column":2027}},"44":{"start":{"line":1,"column":2037},"end":{"line":1,"column":2291}},"45":{"start":{"line":1,"column":2076},"end":{"line":1,"column":2150}},"46":{"start":{"line":1,"column":2158},"end":{"line":1,"column":2290}},"47":{"start":{"line":1,"column":2206},"end":{"line":1,"column":2287}},"48":{"start":{"line":1,"column":2292},"end":{"line":1,"column":2306}},"49":{"start":{"line":3,"column":19},"end":{"line":5,"column":20}},"50":{"start":{"line":8,"column":15},"end":{"line":18,"column":1}},"51":{"start":{"line":8,"column":48},"end":{"line":8,"column":128}},"52":{"start":{"line":8,"column":142},"end":{"line":8,"column":189}},"53":{"start":{"line":9,"column":2},"end":{"line":9,"column":32}},"54":{"start":{"line":10,"column":2},"end":{"line":16,"column":39}},"55":{"start":{"line":12,"column":6},"end":{"line":12,"column":89}},"56":{"start":{"line":14,"column":6},"end":{"line":14,"column":91}},"57":{"start":{"line":16,"column":6},"end":{"line":16,"column":38}},"58":{"start":{"line":20,"column":0},"end":{"line":20,"column":8}},"59":{"start":{"line":20,"column":9},"end":{"line":20,"column":36}}},"fnMap":{"0":{"name":"_getRequireWildcardCache","decl":{"start":{"line":1,"column":347},"end":{"line":1,"column":371}},"loc":{"start":{"line":1,"column":385},"end":{"line":1,"column":666}},"line":1},"1":{"name":"_getRequireWildcardCache","decl":{"start":{"line":1,"column":552},"end":{"line":1,"column":576}},"loc":{"start":{"line":1,"column":590},"end":{"line":1,"column":650}},"line":1},"2":{"name":"_interopRequireWildcard","decl":{"start":{"line":1,"column":675},"end":{"line":1,"column":698}},"loc":{"start":{"line":1,"column":717},"end":{"line":1,"column":1442}},"line":1},"3":{"name":"ownKeys","decl":{"start":{"line":1,"column":1451},"end":{"line":1,"column":1458}},"loc":{"start":{"line":1,"column":1483},"end":{"line":1,"column":1775}},"line":1},"4":{"name":"(anonymous_4)","decl":{"start":{"line":1,"column":1647},"end":{"line":1,"column":1648}},"loc":{"start":{"line":1,"column":1662},"end":{"line":1,"column":1727}},"line":1},"5":{"name":"_objectSpread","decl":{"start":{"line":1,"column":1784},"end":{"line":1,"column":1797}},"loc":{"start":{"line":1,"column":1806},"end":{"line":1,"column":2307}},"line":1},"6":{"name":"(anonymous_6)","decl":{"start":{"line":1,"column":1955},"end":{"line":1,"column":1956}},"loc":{"start":{"line":1,"column":1970},"end":{"line":1,"column":2028}},"line":1},"7":{"name":"(anonymous_7)","decl":{"start":{"line":1,"column":2190},"end":{"line":1,"column":2191}},"loc":{"start":{"line":1,"column":2205},"end":{"line":1,"column":2288}},"line":1},"8":{"name":"reducers","decl":{"start":{"line":8,"column":24},"end":{"line":8,"column":32}},"loc":{"start":{"line":8,"column":35},"end":{"line":18,"column":1}},"line":8}},"branchMap":{"0":{"loc":{"start":{"line":1,"column":386},"end":{"line":1,"column":433}},"type":"if","locations":[{"start":{"line":1,"column":386},"end":{"line":1,"column":433}},{"start":{"line":1,"column":386},"end":{"line":1,"column":433}}],"line":1},"1":{"loc":{"start":{"line":1,"column":598},"end":{"line":1,"column":648}},"type":"cond-expr","locations":[{"start":{"line":1,"column":612},"end":{"line":1,"column":628}},{"start":{"line":1,"column":631},"end":{"line":1,"column":648}}],"line":1},"2":{"loc":{"start":{"line":1,"column":718},"end":{"line":1,"column":774}},"type":"if","locations":[{"start":{"line":1,"column":718},"end":{"line":1,"column":774}},{"start":{"line":1,"column":718},"end":{"line":1,"column":774}}],"line":1},"3":{"loc":{"start":{"line":1,"column":722},"end":{"line":1,"column":759}},"type":"binary-expr","locations":[{"start":{"line":1,"column":722},"end":{"line":1,"column":734}},{"start":{"line":1,"column":738},"end":{"line":1,"column":741}},{"start":{"line":1,"column":745},"end":{"line":1,"column":759}}],"line":1},"4":{"loc":{"start":{"line":1,"column":774},"end":{"line":1,"column":874}},"type":"if","locations":[{"start":{"line":1,"column":774},"end":{"line":1,"column":874}},{"start":{"line":1,"column":774},"end":{"line":1,"column":874}}],"line":1},"5":{"loc":{"start":{"line":1,"column":778},"end":{"line":1,"column":846}},"type":"binary-expr","locations":[{"start":{"line":1,"column":778},"end":{"line":1,"column":790}},{"start":{"line":1,"column":794},"end":{"line":1,"column":817}},{"start":{"line":1,"column":821},"end":{"line":1,"column":846}}],"line":1},"6":{"loc":{"start":{"line":1,"column":924},"end":{"line":1,"column":977}},"type":"if","locations":[{"start":{"line":1,"column":924},"end":{"line":1,"column":977}},{"start":{"line":1,"column":924},"end":{"line":1,"column":977}}],"line":1},"7":{"loc":{"start":{"line":1,"column":928},"end":{"line":1,"column":951}},"type":"binary-expr","locations":[{"start":{"line":1,"column":928},"end":{"line":1,"column":933}},{"start":{"line":1,"column":937},"end":{"line":1,"column":951}}],"line":1},"8":{"loc":{"start":{"line":1,"column":1021},"end":{"line":1,"column":1077}},"type":"binary-expr","locations":[{"start":{"line":1,"column":1021},"end":{"line":1,"column":1042}},{"start":{"line":1,"column":1046},"end":{"line":1,"column":1077}}],"line":1},"9":{"loc":{"start":{"line":1,"column":1100},"end":{"line":1,"column":1369}},"type":"if","locations":[{"start":{"line":1,"column":1100},"end":{"line":1,"column":1369}},{"start":{"line":1,"column":1100},"end":{"line":1,"column":1369}}],"line":1},"10":{"loc":{"start":{"line":1,"column":1104},"end":{"line":1,"column":1171}},"type":"binary-expr","locations":[{"start":{"line":1,"column":1104},"end":{"line":1,"column":1121}},{"start":{"line":1,"column":1125},"end":{"line":1,"column":1171}}],"line":1},"11":{"loc":{"start":{"line":1,"column":1185},"end":{"line":1,"column":1257}},"type":"cond-expr","locations":[{"start":{"line":1,"column":1209},"end":{"line":1,"column":1250}},{"start":{"line":1,"column":1253},"end":{"line":1,"column":1257}}],"line":1},"12":{"loc":{"start":{"line":1,"column":1258},"end":{"line":1,"column":1368}},"type":"if","locations":[{"start":{"line":1,"column":1258},"end":{"line":1,"column":1368}},{"start":{"line":1,"column":1258},"end":{"line":1,"column":1368}}],"line":1},"13":{"loc":{"start":{"line":1,"column":1262},"end":{"line":1,"column":1292}},"type":"binary-expr","locations":[{"start":{"line":1,"column":1262},"end":{"line":1,"column":1266}},{"start":{"line":1,"column":1271},"end":{"line":1,"column":1279}},{"start":{"line":1,"column":1283},"end":{"line":1,"column":1291}}],"line":1},"14":{"loc":{"start":{"line":1,"column":1391},"end":{"line":1,"column":1427}},"type":"if","locations":[{"start":{"line":1,"column":1391},"end":{"line":1,"column":1427}},{"start":{"line":1,"column":1391},"end":{"line":1,"column":1427}}],"line":1},"15":{"loc":{"start":{"line":1,"column":1515},"end":{"line":1,"column":1762}},"type":"if","locations":[{"start":{"line":1,"column":1515},"end":{"line":1,"column":1762}},{"start":{"line":1,"column":1515},"end":{"line":1,"column":1762}}],"line":1},"16":{"loc":{"start":{"line":1,"column":1601},"end":{"line":1,"column":1730}},"type":"if","locations":[{"start":{"line":1,"column":1601},"end":{"line":1,"column":1730}},{"start":{"line":1,"column":1601},"end":{"line":1,"column":1730}}],"line":1},"17":{"loc":{"start":{"line":1,"column":1864},"end":{"line":1,"column":1904}},"type":"cond-expr","locations":[{"start":{"line":1,"column":1887},"end":{"line":1,"column":1899}},{"start":{"line":1,"column":1902},"end":{"line":1,"column":1904}}],"line":1},"18":{"loc":{"start":{"line":1,"column":1905},"end":{"line":1,"column":2291}},"type":"if","locations":[{"start":{"line":1,"column":1905},"end":{"line":1,"column":2291}},{"start":{"line":1,"column":1905},"end":{"line":1,"column":2291}}],"line":1},"19":{"loc":{"start":{"line":1,"column":2037},"end":{"line":1,"column":2291}},"type":"if","locations":[{"start":{"line":1,"column":2037},"end":{"line":1,"column":2291}},{"start":{"line":1,"column":2037},"end":{"line":1,"column":2291}}],"line":1},"20":{"loc":{"start":{"line":8,"column":48},"end":{"line":8,"column":128}},"type":"cond-expr","locations":[{"start":{"line":8,"column":101},"end":{"line":8,"column":113}},{"start":{"line":8,"column":116},"end":{"line":8,"column":128}}],"line":8},"21":{"loc":{"start":{"line":8,"column":48},"end":{"line":8,"column":98}},"type":"binary-expr","locations":[{"start":{"line":8,"column":48},"end":{"line":8,"column":68}},{"start":{"line":8,"column":72},"end":{"line":8,"column":98}}],"line":8},"22":{"loc":{"start":{"line":8,"column":142},"end":{"line":8,"column":189}},"type":"cond-expr","locations":[{"start":{"line":8,"column":165},"end":{"line":8,"column":177}},{"start":{"line":8,"column":180},"end":{"line":8,"column":189}}],"line":8},"23":{"loc":{"start":{"line":10,"column":2},"end":{"line":16,"column":39}},"type":"switch","locations":[{"start":{"line":11,"column":4},"end":{"line":12,"column":89}},{"start":{"line":13,"column":4},"end":{"line":14,"column":91}},{"start":{"line":15,"column":4},"end":{"line":16,"column":38}}],"line":10}},"s":{"0":3,"1":3,"2":3,"3":3,"4":3,"5":0,"6":0,"7":0,"8":0,"9":0,"10":0,"11":3,"12":3,"13":0,"14":0,"15":0,"16":0,"17":0,"18":0,"19":0,"20":0,"21":0,"22":0,"23":0,"24":0,"25":0,"26":0,"27":0,"28":0,"29":0,"30":0,"31":0,"32":0,"33":0,"34":0,"35":0,"36":0,"37":0,"38":0,"39":0,"40":0,"41":0,"42":0,"43":0,"44":0,"45":0,"46":0,"47":0,"48":0,"49":3,"50":3,"51":0,"52":0,"53":0,"54":0,"55":0,"56":0,"57":0,"58":3,"59":3},"f":{"0":0,"1":0,"2":3,"3":0,"4":0,"5":0,"6":0,"7":0,"8":0},"b":{"0":[0,0],"1":[0,0],"2":[3,0],"3":[3,3,3],"4":[0,0],"5":[0,0,0],"6":[0,0],"7":[0,0],"8":[0,0],"9":[0,0],"10":[0,0],"11":[0,0],"12":[0,0],"13":[0,0,0],"14":[0,0],"15":[0,0],"16":[0,0],"17":[0,0],"18":[0,0],"19":[0,0],"20":[0,0],"21":[0,0],"22":[0,0],"23":[0,0,0]},"inputSourceMap":null,"_coverageSchema":"1a1c01bbd47fc00a2c39e90264f33305004495a9","hash":"caf442ac7e432f609710b8eb95674674cbd079bc"}
,"/Users/mac/Downloads/CodeChallenge/src/store/types/index.js": {"path":"/Users/mac/Downloads/CodeChallenge/src/store/types/index.js","statementMap":{"0":{"start":{"line":1,"column":13},"end":{"line":1,"column":75}},"1":{"start":{"line":1,"column":75},"end":{"line":1,"column":193}},"2":{"start":{"line":1,"column":206},"end":{"line":1,"column":214}},"3":{"start":{"line":1,"column":215},"end":{"line":1,"column":239}},"4":{"start":{"line":2,"column":21},"end":{"line":2,"column":37}},"5":{"start":{"line":2,"column":38},"end":{"line":2,"column":78}},"6":{"start":{"line":3,"column":19},"end":{"line":3,"column":33}},"7":{"start":{"line":3,"column":34},"end":{"line":3,"column":70}},"8":{"start":{"line":4,"column":15},"end":{"line":4,"column":25}},"9":{"start":{"line":4,"column":26},"end":{"line":4,"column":54}},"10":{"start":{"line":5,"column":23},"end":{"line":5,"column":41}},"11":{"start":{"line":5,"column":42},"end":{"line":5,"column":86}}},"fnMap":{},"branchMap":{},"s":{"0":3,"1":3,"2":3,"3":3,"4":3,"5":3,"6":3,"7":3,"8":3,"9":3,"10":3,"11":3},"f":{},"b":{},"inputSourceMap":null,"_coverageSchema":"1a1c01bbd47fc00a2c39e90264f33305004495a9","hash":"47e2093aa62f1d4c0d8c70379fab3c4e9f3db363"}
,"/Users/mac/Downloads/CodeChallenge/src/testUtils/MockRootNavigator.js": {"path":"/Users/mac/Downloads/CodeChallenge/src/testUtils/MockRootNavigator.js","statementMap":{"0":{"start":{"line":1,"column":42},"end":{"line":1,"column":97}},"1":{"start":{"line":1,"column":98},"end":{"line":1,"column":160}},"2":{"start":{"line":1,"column":160},"end":{"line":1,"column":185}},"3":{"start":{"line":1,"column":198},"end":{"line":1,"column":238}},"4":{"start":{"line":2,"column":14},"end":{"line":2,"column":44}},"5":{"start":{"line":3,"column":14},"end":{"line":3,"column":49}},"6":{"start":{"line":4,"column":13},"end":{"line":4,"column":47}},"7":{"start":{"line":4,"column":60},"end":{"line":4,"column":64}},"8":{"start":{"line":4,"column":80},"end":{"line":4,"column":151}},"9":{"start":{"line":6,"column":12},"end":{"line":6,"column":46}},"10":{"start":{"line":8,"column":24},"end":{"line":17,"column":1}},"11":{"start":{"line":8,"column":74},"end":{"line":8,"column":88}},"12":{"start":{"line":9,"column":2},"end":{"line":13,"column":219}},"13":{"start":{"line":12,"column":199},"end":{"line":12,"column":216}},"14":{"start":{"line":13,"column":196},"end":{"line":13,"column":213}},"15":{"start":{"line":19,"column":0},"end":{"line":19,"column":17}},"16":{"start":{"line":19,"column":18},"end":{"line":19,"column":45}}},"fnMap":{"0":{"name":"MockRootNavigator","decl":{"start":{"line":8,"column":33},"end":{"line":8,"column":50}},"loc":{"start":{"line":8,"column":57},"end":{"line":17,"column":1}},"line":8},"1":{"name":"(anonymous_1)","decl":{"start":{"line":12,"column":181},"end":{"line":12,"column":182}},"loc":{"start":{"line":12,"column":198},"end":{"line":12,"column":217}},"line":12},"2":{"name":"(anonymous_2)","decl":{"start":{"line":13,"column":178},"end":{"line":13,"column":179}},"loc":{"start":{"line":13,"column":195},"end":{"line":13,"column":214}},"line":13}},"branchMap":{},"s":{"0":3,"1":3,"2":3,"3":3,"4":3,"5":3,"6":3,"7":3,"8":3,"9":3,"10":3,"11":7,"12":6,"13":6,"14":0,"15":3,"16":3},"f":{"0":7,"1":6,"2":0},"b":{},"inputSourceMap":null,"_coverageSchema":"1a1c01bbd47fc00a2c39e90264f33305004495a9","hash":"c402dfd5cfcb6275c213f49a72db69f984112dce"}
,"/Users/mac/Downloads/CodeChallenge/src/testUtils/index.js": {"path":"/Users/mac/Downloads/CodeChallenge/src/testUtils/index.js","statementMap":{"0":{"start":{"line":1,"column":42},"end":{"line":1,"column":97}},"1":{"start":{"line":1,"column":98},"end":{"line":1,"column":160}},"2":{"start":{"line":1,"column":160},"end":{"line":1,"column":295}},"3":{"start":{"line":1,"column":318},"end":{"line":1,"column":390}},"4":{"start":{"line":1,"column":404},"end":{"line":1,"column":444}},"5":{"start":{"line":2,"column":13},"end":{"line":2,"column":29}},"6":{"start":{"line":3,"column":18},"end":{"line":3,"column":40}},"7":{"start":{"line":4,"column":19},"end":{"line":4,"column":59}},"8":{"start":{"line":5,"column":22},"end":{"line":5,"column":73}},"9":{"start":{"line":6,"column":18},"end":{"line":6,"column":64}},"10":{"start":{"line":7,"column":16},"end":{"line":7,"column":68}},"11":{"start":{"line":8,"column":13},"end":{"line":8,"column":29}},"12":{"start":{"line":9,"column":25},"end":{"line":9,"column":79}},"13":{"start":{"line":9,"column":92},"end":{"line":9,"column":96}},"14":{"start":{"line":9,"column":112},"end":{"line":9,"column":171}},"15":{"start":{"line":9,"column":225},"end":{"line":9,"column":244}},"16":{"start":{"line":9,"column":245},"end":{"line":9,"column":492}},"17":{"start":{"line":9,"column":294},"end":{"line":9,"column":330}},"18":{"start":{"line":9,"column":331},"end":{"line":9,"column":460}},"19":{"start":{"line":9,"column":352},"end":{"line":9,"column":459}},"20":{"start":{"line":9,"column":393},"end":{"line":9,"column":456}},"21":{"start":{"line":9,"column":460},"end":{"line":9,"column":491}},"22":{"start":{"line":9,"column":492},"end":{"line":9,"column":504}},"23":{"start":{"line":9,"column":537},"end":{"line":9,"column":1022}},"24":{"start":{"line":9,"column":550},"end":{"line":9,"column":551}},"25":{"start":{"line":9,"column":594},"end":{"line":9,"column":634}},"26":{"start":{"line":9,"column":635},"end":{"line":9,"column":1021}},"27":{"start":{"line":9,"column":647},"end":{"line":9,"column":760}},"28":{"start":{"line":9,"column":701},"end":{"line":9,"column":757}},"29":{"start":{"line":9,"column":767},"end":{"line":9,"column":1021}},"30":{"start":{"line":9,"column":806},"end":{"line":9,"column":880}},"31":{"start":{"line":9,"column":888},"end":{"line":9,"column":1020}},"32":{"start":{"line":9,"column":936},"end":{"line":9,"column":1017}},"33":{"start":{"line":9,"column":1022},"end":{"line":9,"column":1036}},"34":{"start":{"line":11,"column":21},"end":{"line":16,"column":11}},"35":{"start":{"line":19,"column":20},"end":{"line":29,"column":1}},"36":{"start":{"line":22,"column":12},"end":{"line":22,"column":94}},"37":{"start":{"line":22,"column":110},"end":{"line":22,"column":127}},"38":{"start":{"line":22,"column":134},"end":{"line":22,"column":142}},"39":{"start":{"line":23,"column":18},"end":{"line":23,"column":41}},"40":{"start":{"line":24,"column":2},"end":{"line":26,"column":188}},"41":{"start":{"line":29,"column":2},"end":{"line":29,"column":40}},"42":{"start":{"line":32,"column":0},"end":{"line":35,"column":84}},"43":{"start":{"line":32,"column":34},"end":{"line":35,"column":83}},"44":{"start":{"line":33,"column":36},"end":{"line":33,"column":106}},"45":{"start":{"line":33,"column":107},"end":{"line":35,"column":80}},"46":{"start":{"line":35,"column":85},"end":{"line":35,"column":133}},"47":{"start":{"line":38,"column":21},"end":{"line":42,"column":88}},"48":{"start":{"line":38,"column":65},"end":{"line":42,"column":87}},"49":{"start":{"line":42,"column":89},"end":{"line":42,"column":129}},"50":{"start":{"line":45,"column":13},"end":{"line":66,"column":1}},"51":{"start":{"line":45,"column":53},"end":{"line":45,"column":135}},"52":{"start":{"line":45,"column":151},"end":{"line":45,"column":169}},"53":{"start":{"line":45,"column":176},"end":{"line":45,"column":185}},"54":{"start":{"line":46,"column":14},"end":{"line":48,"column":46}},"55":{"start":{"line":51,"column":18},"end":{"line":53,"column":187}},"56":{"start":{"line":57,"column":17},"end":{"line":63,"column":3}},"57":{"start":{"line":58,"column":4},"end":{"line":60,"column":190}},"58":{"start":{"line":65,"column":2},"end":{"line":65,"column":38}},"59":{"start":{"line":66,"column":2},"end":{"line":66,"column":26}},"60":{"start":{"line":68,"column":29},"end":{"line":68,"column":35}},"61":{"start":{"line":68,"column":36},"end":{"line":68,"column":92}}},"fnMap":{"0":{"name":"ownKeys","decl":{"start":{"line":9,"column":181},"end":{"line":9,"column":188}},"loc":{"start":{"line":9,"column":213},"end":{"line":9,"column":505}},"line":9},"1":{"name":"(anonymous_1)","decl":{"start":{"line":9,"column":377},"end":{"line":9,"column":378}},"loc":{"start":{"line":9,"column":392},"end":{"line":9,"column":457}},"line":9},"2":{"name":"_objectSpread","decl":{"start":{"line":9,"column":514},"end":{"line":9,"column":527}},"loc":{"start":{"line":9,"column":536},"end":{"line":9,"column":1037}},"line":9},"3":{"name":"(anonymous_3)","decl":{"start":{"line":9,"column":685},"end":{"line":9,"column":686}},"loc":{"start":{"line":9,"column":700},"end":{"line":9,"column":758}},"line":9},"4":{"name":"(anonymous_4)","decl":{"start":{"line":9,"column":920},"end":{"line":9,"column":921}},"loc":{"start":{"line":9,"column":935},"end":{"line":9,"column":1018}},"line":9},"5":{"name":"renderForTest","decl":{"start":{"line":19,"column":29},"end":{"line":19,"column":42}},"loc":{"start":{"line":22,"column":0},"end":{"line":29,"column":1}},"line":22},"6":{"name":"configureMockStore","decl":{"start":{"line":32,"column":9},"end":{"line":32,"column":27}},"loc":{"start":{"line":32,"column":33},"end":{"line":35,"column":84}},"line":32},"7":{"name":"(anonymous_7)","decl":{"start":{"line":33,"column":4},"end":{"line":33,"column":5}},"loc":{"start":{"line":33,"column":16},"end":{"line":35,"column":81}},"line":33},"8":{"name":"configureStore","decl":{"start":{"line":38,"column":30},"end":{"line":38,"column":44}},"loc":{"start":{"line":38,"column":64},"end":{"line":42,"column":88}},"line":38},"9":{"name":"render","decl":{"start":{"line":45,"column":22},"end":{"line":45,"column":28}},"loc":{"start":{"line":45,"column":40},"end":{"line":66,"column":1}},"line":45},"10":{"name":"rerender","decl":{"start":{"line":57,"column":26},"end":{"line":57,"column":34}},"loc":{"start":{"line":57,"column":37},"end":{"line":63,"column":3}},"line":57}},"branchMap":{"0":{"loc":{"start":{"line":9,"column":245},"end":{"line":9,"column":492}},"type":"if","locations":[{"start":{"line":9,"column":245},"end":{"line":9,"column":492}},{"start":{"line":9,"column":245},"end":{"line":9,"column":492}}],"line":9},"1":{"loc":{"start":{"line":9,"column":331},"end":{"line":9,"column":460}},"type":"if","locations":[{"start":{"line":9,"column":331},"end":{"line":9,"column":460}},{"start":{"line":9,"column":331},"end":{"line":9,"column":460}}],"line":9},"2":{"loc":{"start":{"line":9,"column":594},"end":{"line":9,"column":634}},"type":"cond-expr","locations":[{"start":{"line":9,"column":617},"end":{"line":9,"column":629}},{"start":{"line":9,"column":632},"end":{"line":9,"column":634}}],"line":9},"3":{"loc":{"start":{"line":9,"column":635},"end":{"line":9,"column":1021}},"type":"if","locations":[{"start":{"line":9,"column":635},"end":{"line":9,"column":1021}},{"start":{"line":9,"column":635},"end":{"line":9,"column":1021}}],"line":9},"4":{"loc":{"start":{"line":9,"column":767},"end":{"line":9,"column":1021}},"type":"if","locations":[{"start":{"line":9,"column":767},"end":{"line":9,"column":1021}},{"start":{"line":9,"column":767},"end":{"line":9,"column":1021}}],"line":9},"5":{"loc":{"start":{"line":22,"column":12},"end":{"line":22,"column":94}},"type":"cond-expr","locations":[{"start":{"line":22,"column":65},"end":{"line":22,"column":77}},{"start":{"line":22,"column":80},"end":{"line":22,"column":94}}],"line":22},"6":{"loc":{"start":{"line":22,"column":12},"end":{"line":22,"column":62}},"type":"binary-expr","locations":[{"start":{"line":22,"column":12},"end":{"line":22,"column":32}},{"start":{"line":22,"column":36},"end":{"line":22,"column":62}}],"line":22},"7":{"loc":{"start":{"line":33,"column":36},"end":{"line":33,"column":106}},"type":"cond-expr","locations":[{"start":{"line":33,"column":89},"end":{"line":33,"column":101}},{"start":{"line":33,"column":104},"end":{"line":33,"column":106}}],"line":33},"8":{"loc":{"start":{"line":33,"column":36},"end":{"line":33,"column":86}},"type":"binary-expr","locations":[{"start":{"line":33,"column":36},"end":{"line":33,"column":56}},{"start":{"line":33,"column":60},"end":{"line":33,"column":86}}],"line":33},"9":{"loc":{"start":{"line":45,"column":53},"end":{"line":45,"column":135}},"type":"cond-expr","locations":[{"start":{"line":45,"column":106},"end":{"line":45,"column":118}},{"start":{"line":45,"column":121},"end":{"line":45,"column":135}}],"line":45},"10":{"loc":{"start":{"line":45,"column":53},"end":{"line":45,"column":103}},"type":"binary-expr","locations":[{"start":{"line":45,"column":53},"end":{"line":45,"column":73}},{"start":{"line":45,"column":77},"end":{"line":45,"column":103}}],"line":45}},"s":{"0":3,"1":3,"2":3,"3":3,"4":3,"5":3,"6":3,"7":3,"8":3,"9":3,"10":3,"11":3,"12":3,"13":3,"14":3,"15":0,"16":0,"17":0,"18":0,"19":0,"20":0,"21":0,"22":0,"23":0,"24":0,"25":0,"26":0,"27":0,"28":0,"29":0,"30":0,"31":0,"32":0,"33":0,"34":3,"35":3,"36":6,"37":6,"38":6,"39":6,"40":6,"41":3,"42":3,"43":6,"44":6,"45":6,"46":3,"47":3,"48":0,"49":3,"50":3,"51":0,"52":0,"53":0,"54":0,"55":0,"56":0,"57":0,"58":0,"59":3,"60":3,"61":3},"f":{"0":0,"1":0,"2":0,"3":0,"4":0,"5":6,"6":6,"7":6,"8":0,"9":0,"10":0},"b":{"0":[0,0],"1":[0,0],"2":[0,0],"3":[0,0],"4":[0,0],"5":[0,6],"6":[6,0],"7":[6,0],"8":[6,6],"9":[0,0],"10":[0,0]},"inputSourceMap":null,"_coverageSchema":"1a1c01bbd47fc00a2c39e90264f33305004495a9","hash":"3ba68168ec4c89e4eb07581e4a3451cca52675cc"}
,"/Users/mac/Downloads/CodeChallenge/src/utils/api.js": {"path":"/Users/mac/Downloads/CodeChallenge/src/utils/api.js","statementMap":{"0":{"start":{"line":1,"column":42},"end":{"line":1,"column":97}},"1":{"start":{"line":1,"column":98},"end":{"line":1,"column":160}},"2":{"start":{"line":1,"column":160},"end":{"line":1,"column":185}},"3":{"start":{"line":1,"column":198},"end":{"line":1,"column":238}},"4":{"start":{"line":2,"column":15},"end":{"line":2,"column":61}},"5":{"start":{"line":3,"column":17},"end":{"line":3,"column":88}},"6":{"start":{"line":3,"column":45},"end":{"line":3,"column":87}},"7":{"start":{"line":4,"column":19},"end":{"line":4,"column":84}},"8":{"start":{"line":4,"column":46},"end":{"line":4,"column":83}},"9":{"start":{"line":5,"column":10},"end":{"line":5,"column":68}},"10":{"start":{"line":5,"column":36},"end":{"line":5,"column":67}},"11":{"start":{"line":6,"column":16},"end":{"line":6,"column":74}},"12":{"start":{"line":6,"column":43},"end":{"line":6,"column":73}},"13":{"start":{"line":7,"column":22},"end":{"line":7,"column":88}},"14":{"start":{"line":7,"column":55},"end":{"line":7,"column":87}},"15":{"start":{"line":8,"column":0},"end":{"line":8,"column":58}},"16":{"start":{"line":8,"column":59},"end":{"line":8,"column":86}}},"fnMap":{"0":{"name":"SEARCH_API","decl":{"start":{"line":3,"column":26},"end":{"line":3,"column":36}},"loc":{"start":{"line":3,"column":44},"end":{"line":3,"column":88}},"line":3},"1":{"name":"LOCATION_API","decl":{"start":{"line":4,"column":28},"end":{"line":4,"column":40}},"loc":{"start":{"line":4,"column":45},"end":{"line":4,"column":84}},"line":4},"2":{"name":"get","decl":{"start":{"line":5,"column":19},"end":{"line":5,"column":22}},"loc":{"start":{"line":5,"column":35},"end":{"line":5,"column":68}},"line":5},"3":{"name":"searchApi","decl":{"start":{"line":6,"column":25},"end":{"line":6,"column":34}},"loc":{"start":{"line":6,"column":42},"end":{"line":6,"column":74}},"line":6},"4":{"name":"locationDetails","decl":{"start":{"line":7,"column":31},"end":{"line":7,"column":46}},"loc":{"start":{"line":7,"column":54},"end":{"line":7,"column":88}},"line":7}},"branchMap":{},"s":{"0":0,"1":0,"2":0,"3":0,"4":0,"5":0,"6":0,"7":0,"8":0,"9":0,"10":0,"11":0,"12":0,"13":0,"14":0,"15":0,"16":0},"f":{"0":0,"1":0,"2":0,"3":0,"4":0},"b":{},"inputSourceMap":null}
}
