TN:
SF:src/navigator/index.js
FN:9,Navigator
FNF:1
FNH:0
FNDA:0,Navigator
DA:1,0
DA:2,0
DA:3,0
DA:4,0
DA:5,0
DA:6,0
DA:7,0
DA:9,0
DA:10,0
DA:29,0
LF:10
LH:0
BRF:0
BRH:0
end_of_record
TN:
SF:src/navigator/routes.js
FNF:0
FNH:0
DA:1,3
DA:2,3
LF:2
LH:2
BRF:0
BRH:0
end_of_record
TN:
SF:src/screens/index.js
FN:1,get
FN:1,get
FNF:2
FNH:0
FNDA:0,get
FNDA:0,get
DA:1,0
DA:2,0
LF:2
LH:0
BRF:0
BRH:0
end_of_record
TN:
SF:src/screens/MapScreen/index.js
FN:7,MapScreen
FN:8,(anonymous_1)
FNF:2
FNH:2
FNDA:2,MapScreen
FNDA:2,(anonymous_1)
DA:1,1
DA:2,1
DA:3,1
DA:4,1
DA:5,1
DA:7,1
DA:8,2
DA:9,1
DA:17,1
DA:19,1
LF:10
LH:10
BRF:0
BRH:0
end_of_record
TN:
SF:src/screens/MapScreen/widget/LocationDetails.js
FN:4,LocationDetails
FN:21,Details
FNF:2
FNH:2
FNDA:1,LocationDetails
FNDA:3,Details
DA:1,1
DA:2,1
DA:4,1
DA:5,1
DA:6,1
DA:19,1
DA:21,1
DA:22,3
DA:23,3
DA:31,1
LF:10
LH:10
BRF:0
BRH:0
end_of_record
TN:
SF:src/screens/MapScreen/widget/Map.js
FN:2,_getRequireWildcardCache
FN:2,_getRequireWildcardCache
FN:2,_interopRequireWildcard
FN:4,Map
FN:6,(anonymous_4)
FNF:5
FNH:5
FNDA:1,_getRequireWildcardCache
FNDA:1,_getRequireWildcardCache
FNDA:2,_interopRequireWildcard
FNDA:2,Map
FNDA:1,(anonymous_4)
DA:1,1
DA:2,28
DA:4,2
DA:5,1
DA:6,1
DA:7,1
DA:14,1
DA:24,1
LF:8
LH:8
BRDA:2,0,0,0
BRDA:2,0,1,1
BRDA:2,1,0,0
BRDA:2,1,1,1
BRDA:2,2,0,1
BRDA:2,2,1,1
BRDA:2,3,0,2
BRDA:2,3,1,2
BRDA:2,3,2,2
BRDA:2,4,0,0
BRDA:2,4,1,1
BRDA:2,5,0,1
BRDA:2,5,1,1
BRDA:2,5,2,0
BRDA:2,6,0,0
BRDA:2,6,1,1
BRDA:2,7,0,1
BRDA:2,7,1,1
BRDA:2,8,0,1
BRDA:2,8,1,1
BRDA:2,9,0,28
BRDA:2,9,1,0
BRDA:2,10,0,28
BRDA:2,10,1,28
BRDA:2,11,0,28
BRDA:2,11,1,0
BRDA:2,12,0,0
BRDA:2,12,1,28
BRDA:2,13,0,28
BRDA:2,13,1,28
BRDA:2,13,2,28
BRDA:2,14,0,1
BRDA:2,14,1,0
BRF:33
BRH:24
end_of_record
TN:
SF:src/screens/Search/index.js
FN:13,_getRequireWildcardCache
FN:13,_getRequireWildcardCache
FN:13,_interopRequireWildcard
FN:15,Search
FN:19,(anonymous_4)
FN:21,onChangeQuery
FN:26,onPressTitle
FN:26,onPressTitle$
FN:41,onPress
FN:43,onChange
FNF:10
FNH:7
FNDA:1,_getRequireWildcardCache
FNDA:1,_getRequireWildcardCache
FNDA:1,_interopRequireWildcard
FNDA:4,Search
FNDA:8,(anonymous_4)
FNDA:1,onChangeQuery
FNDA:0,onPressTitle
FNDA:0,onPressTitle$
FNDA:0,onPress
FNDA:1,onChange
DA:1,1
DA:2,1
DA:9,1
DA:10,1
DA:11,1
DA:12,1
DA:13,28
DA:15,4
DA:16,4
DA:17,4
DA:18,4
DA:19,8
DA:21,4
DA:22,1
DA:23,1
DA:26,4
DA:27,0
DA:28,0
DA:30,0
DA:31,0
DA:33,0
DA:35,0
DA:39,4
DA:41,0
DA:43,1
DA:58,1
LF:26
LH:19
BRDA:13,0,0,0
BRDA:13,0,1,1
BRDA:13,1,0,0
BRDA:13,1,1,1
BRDA:13,2,0,0
BRDA:13,2,1,1
BRDA:13,3,0,1
BRDA:13,3,1,1
BRDA:13,3,2,1
BRDA:13,4,0,0
BRDA:13,4,1,1
BRDA:13,5,0,1
BRDA:13,5,1,1
BRDA:13,5,2,0
BRDA:13,6,0,0
BRDA:13,6,1,1
BRDA:13,7,0,1
BRDA:13,7,1,1
BRDA:13,8,0,1
BRDA:13,8,1,1
BRDA:13,9,0,28
BRDA:13,9,1,0
BRDA:13,10,0,28
BRDA:13,10,1,28
BRDA:13,11,0,28
BRDA:13,11,1,0
BRDA:13,12,0,0
BRDA:13,12,1,28
BRDA:13,13,0,28
BRDA:13,13,1,28
BRDA:13,13,2,28
BRDA:13,14,0,1
BRDA:13,14,1,0
BRDA:26,15,0,0
BRDA:26,15,1,0
BRDA:26,15,2,0
BRDA:26,15,3,0
BRDA:26,15,4,0
BRDA:26,15,5,0
BRDA:31,16,0,0
BRDA:31,16,1,0
BRDA:44,17,0,4
BRDA:44,17,1,0
BRF:43
BRH:24
end_of_record
TN:
SF:src/screens/Search/widget/Input.js
FN:5,Input
FNF:1
FNH:1
FNDA:4,Input
DA:1,1
DA:2,1
DA:3,1
DA:5,4
DA:6,4
DA:20,1
DA:22,1
LF:7
LH:7
BRF:0
BRH:0
end_of_record
TN:
SF:src/screens/Search/widget/List.js
FN:10,List
FN:16,(anonymous_1)
FN:20,onPress
FNF:3
FNH:3
FNDA:6,List
FNDA:2,(anonymous_1)
FNDA:1,onPress
DA:1,2
DA:2,2
DA:10,6
DA:11,6
DA:16,2
DA:20,1
DA:30,2
DA:32,2
LF:8
LH:8
BRDA:16,0,0,0
BRDA:16,0,1,6
BRDA:20,1,0,0
BRDA:20,1,1,1
BRF:4
BRH:2
end_of_record
TN:
SF:src/store/index.js
FN:5,ownKeys
FN:5,(anonymous_1)
FN:5,_objectSpread
FN:5,(anonymous_3)
FN:5,(anonymous_4)
FNF:5
FNH:0
FNDA:0,ownKeys
FNDA:0,(anonymous_1)
FNDA:0,_objectSpread
FNDA:0,(anonymous_3)
FNDA:0,(anonymous_4)
DA:1,0
DA:2,0
DA:3,0
DA:4,0
DA:5,0
DA:7,0
DA:13,0
DA:21,0
DA:23,0
DA:26,0
LF:10
LH:0
BRDA:5,0,0,0
BRDA:5,0,1,0
BRDA:5,1,0,0
BRDA:5,1,1,0
BRDA:5,2,0,0
BRDA:5,2,1,0
BRDA:5,3,0,0
BRDA:5,3,1,0
BRDA:5,4,0,0
BRDA:5,4,1,0
BRF:10
BRH:0
end_of_record
TN:
SF:src/store/actions/index.js
FN:1,_getRequireWildcardCache
FN:1,_getRequireWildcardCache
FN:1,_interopRequireWildcard
FN:4,search
FN:5,_callee
FN:5,_callee$
FN:6,getPromise
FN:6,getPromise$
FN:17,location
FN:18,_callee2
FN:18,_callee2$
FN:19,getPromise
FN:19,getPromise$
FNF:13
FNH:6
FNDA:0,_getRequireWildcardCache
FNDA:0,_getRequireWildcardCache
FNDA:1,_interopRequireWildcard
FNDA:1,search
FNDA:1,_callee
FNDA:2,_callee$
FNDA:1,getPromise
FNDA:2,getPromise$
FNDA:0,location
FNDA:0,_callee2
FNDA:0,_callee2$
FNDA:0,getPromise
FNDA:0,getPromise$
DA:1,1
DA:4,1
DA:5,2
DA:6,2
DA:7,0
DA:8,1
DA:12,1
DA:17,1
DA:18,0
DA:19,0
DA:20,0
DA:21,0
DA:25,1
LF:13
LH:8
BRDA:1,0,0,0
BRDA:1,0,1,0
BRDA:1,1,0,0
BRDA:1,1,1,0
BRDA:1,2,0,1
BRDA:1,2,1,0
BRDA:1,3,0,1
BRDA:1,3,1,1
BRDA:1,3,2,1
BRDA:1,4,0,0
BRDA:1,4,1,0
BRDA:1,5,0,0
BRDA:1,5,1,0
BRDA:1,5,2,0
BRDA:1,6,0,0
BRDA:1,6,1,0
BRDA:1,7,0,0
BRDA:1,7,1,0
BRDA:1,8,0,0
BRDA:1,8,1,0
BRDA:1,9,0,0
BRDA:1,9,1,0
BRDA:1,10,0,0
BRDA:1,10,1,0
BRDA:1,11,0,0
BRDA:1,11,1,0
BRDA:1,12,0,0
BRDA:1,12,1,0
BRDA:1,13,0,0
BRDA:1,13,1,0
BRDA:1,13,2,0
BRDA:1,14,0,0
BRDA:1,14,1,0
BRDA:5,15,0,1
BRDA:5,15,1,0
BRDA:5,15,2,1
BRDA:6,16,0,1
BRDA:6,16,1,0
BRDA:6,16,2,0
BRDA:6,16,3,1
BRDA:18,17,0,0
BRDA:18,17,1,0
BRDA:18,17,2,0
BRDA:19,18,0,0
BRDA:19,18,1,0
BRDA:19,18,2,0
BRDA:19,18,3,0
BRF:47
BRH:8
end_of_record
TN:
SF:src/store/reducers/index.js
FN:1,_getRequireWildcardCache
FN:1,_getRequireWildcardCache
FN:1,_interopRequireWildcard
FN:1,ownKeys
FN:1,(anonymous_4)
FN:1,_objectSpread
FN:1,(anonymous_6)
FN:1,(anonymous_7)
FN:8,reducers
FNF:9
FNH:1
FNDA:0,_getRequireWildcardCache
FNDA:0,_getRequireWildcardCache
FNDA:3,_interopRequireWildcard
FNDA:0,ownKeys
FNDA:0,(anonymous_4)
FNDA:0,_objectSpread
FNDA:0,(anonymous_6)
FNDA:0,(anonymous_7)
FNDA:0,reducers
DA:1,3
DA:3,3
DA:8,3
DA:9,0
DA:10,0
DA:12,0
DA:14,0
DA:16,0
DA:20,3
LF:9
LH:4
BRDA:1,0,0,0
BRDA:1,0,1,0
BRDA:1,1,0,0
BRDA:1,1,1,0
BRDA:1,2,0,3
BRDA:1,2,1,0
BRDA:1,3,0,3
BRDA:1,3,1,3
BRDA:1,3,2,3
BRDA:1,4,0,0
BRDA:1,4,1,0
BRDA:1,5,0,0
BRDA:1,5,1,0
BRDA:1,5,2,0
BRDA:1,6,0,0
BRDA:1,6,1,0
BRDA:1,7,0,0
BRDA:1,7,1,0
BRDA:1,8,0,0
BRDA:1,8,1,0
BRDA:1,9,0,0
BRDA:1,9,1,0
BRDA:1,10,0,0
BRDA:1,10,1,0
BRDA:1,11,0,0
BRDA:1,11,1,0
BRDA:1,12,0,0
BRDA:1,12,1,0
BRDA:1,13,0,0
BRDA:1,13,1,0
BRDA:1,13,2,0
BRDA:1,14,0,0
BRDA:1,14,1,0
BRDA:1,15,0,0
BRDA:1,15,1,0
BRDA:1,16,0,0
BRDA:1,16,1,0
BRDA:1,17,0,0
BRDA:1,17,1,0
BRDA:1,18,0,0
BRDA:1,18,1,0
BRDA:1,19,0,0
BRDA:1,19,1,0
BRDA:8,20,0,0
BRDA:8,20,1,0
BRDA:8,21,0,0
BRDA:8,21,1,0
BRDA:8,22,0,0
BRDA:8,22,1,0
BRDA:10,23,0,0
BRDA:10,23,1,0
BRDA:10,23,2,0
BRF:52
BRH:4
end_of_record
TN:
SF:src/store/types/index.js
FNF:0
FNH:0
DA:1,3
DA:2,3
DA:3,3
DA:4,3
DA:5,3
LF:5
LH:5
BRF:0
BRH:0
end_of_record
TN:
SF:src/testUtils/MockRootNavigator.js
FN:8,MockRootNavigator
FN:12,(anonymous_1)
FN:13,(anonymous_2)
FNF:3
FNH:2
FNDA:7,MockRootNavigator
FNDA:6,(anonymous_1)
FNDA:0,(anonymous_2)
DA:1,3
DA:2,3
DA:3,3
DA:4,3
DA:6,3
DA:8,7
DA:9,6
DA:12,6
DA:13,0
DA:19,3
LF:10
LH:9
BRF:0
BRH:0
end_of_record
TN:
SF:src/testUtils/index.js
FN:9,ownKeys
FN:9,(anonymous_1)
FN:9,_objectSpread
FN:9,(anonymous_3)
FN:9,(anonymous_4)
FN:19,renderForTest
FN:32,configureMockStore
FN:33,(anonymous_7)
FN:38,configureStore
FN:45,render
FN:57,rerender
FNF:11
FNH:3
FNDA:0,ownKeys
FNDA:0,(anonymous_1)
FNDA:0,_objectSpread
FNDA:0,(anonymous_3)
FNDA:0,(anonymous_4)
FNDA:6,renderForTest
FNDA:6,configureMockStore
FNDA:6,(anonymous_7)
FNDA:0,configureStore
FNDA:0,render
FNDA:0,rerender
DA:1,3
DA:2,3
DA:3,3
DA:4,3
DA:5,3
DA:6,3
DA:7,3
DA:8,3
DA:9,3
DA:11,3
DA:19,3
DA:22,6
DA:23,6
DA:24,6
DA:29,3
DA:32,6
DA:33,6
DA:35,3
DA:38,3
DA:42,3
DA:45,3
DA:46,0
DA:51,0
DA:57,0
DA:58,0
DA:65,0
DA:66,3
DA:68,3
LF:28
LH:23
BRDA:9,0,0,0
BRDA:9,0,1,0
BRDA:9,1,0,0
BRDA:9,1,1,0
BRDA:9,2,0,0
BRDA:9,2,1,0
BRDA:9,3,0,0
BRDA:9,3,1,0
BRDA:9,4,0,0
BRDA:9,4,1,0
BRDA:22,5,0,0
BRDA:22,5,1,6
BRDA:22,6,0,6
BRDA:22,6,1,0
BRDA:33,7,0,6
BRDA:33,7,1,0
BRDA:33,8,0,6
BRDA:33,8,1,6
BRDA:45,9,0,0
BRDA:45,9,1,0
BRDA:45,10,0,0
BRDA:45,10,1,0
BRF:22
BRH:5
end_of_record
TN:
SF:src/utils/api.js
FN:3,SEARCH_API
FN:4,LOCATION_API
FN:5,get
FN:6,searchApi
FN:7,locationDetails
FNF:5
FNH:0
FNDA:0,SEARCH_API
FNDA:0,LOCATION_API
FNDA:0,get
FNDA:0,searchApi
FNDA:0,locationDetails
DA:1,0
DA:2,0
DA:3,0
DA:4,0
DA:5,0
DA:6,0
DA:7,0
DA:8,0
LF:8
LH:0
BRF:0
BRH:0
end_of_record
